2024-07-11 15:04:17,822 - root - WARNING - Queue is empty in show_frame
2024-07-11 15:04:17,886 - root - WARNING - Queue is empty in show_frame
2024-07-11 15:04:17,951 - root - WARNING - Queue is empty in show_frame
2024-07-11 15:04:18,011 - root - WARNING - Queue is empty in show_frame
2024-07-11 15:04:18,075 - root - WARNING - Queue is empty in show_frame
2024-07-11 15:04:18,136 - root - WARNING - Queue is empty in show_frame
2024-07-11 15:04:18,197 - root - WARNING - Queue is empty in show_frame
2024-07-11 15:04:18,259 - root - WARNING - Queue is empty in show_frame
2024-07-11 15:04:18,322 - root - WARNING - Queue is empty in show_frame
2024-07-11 15:04:18,385 - root - WARNING - Queue is empty in show_frame
2024-07-11 15:04:18,448 - root - WARNING - Queue is empty in show_frame
2024-07-11 15:04:18,511 - root - WARNING - Queue is empty in show_frame
2024-07-11 15:04:18,572 - root - WARNING - Queue is empty in show_frame
2024-07-11 15:04:18,634 - root - WARNING - Queue is empty in show_frame
2024-07-11 15:04:18,696 - root - WARNING - Queue is empty in show_frame
2024-07-11 15:04:18,758 - root - WARNING - Queue is empty in show_frame
2024-07-11 15:04:18,819 - root - WARNING - Queue is empty in show_frame
2024-07-11 15:04:18,881 - root - WARNING - Queue is empty in show_frame
2024-07-11 15:04:18,944 - root - WARNING - Queue is empty in show_frame
2024-07-11 15:04:19,006 - root - WARNING - Queue is empty in show_frame
2024-07-11 15:04:19,068 - root - WARNING - Queue is empty in show_frame
2024-07-11 15:04:19,130 - root - WARNING - Queue is empty in show_frame
2024-07-11 15:04:19,191 - root - WARNING - Queue is empty in show_frame
2024-07-11 15:04:19,255 - root - WARNING - Queue is empty in show_frame
2024-07-11 15:04:19,318 - root - WARNING - Queue is empty in show_frame
2024-07-11 15:04:19,379 - root - WARNING - Queue is empty in show_frame
2024-07-11 15:04:19,442 - root - WARNING - Queue is empty in show_frame
2024-07-11 15:04:19,505 - root - WARNING - Queue is empty in show_frame
2024-07-11 15:04:19,566 - root - WARNING - Queue is empty in show_frame
2024-07-11 15:04:19,627 - root - WARNING - Queue is empty in show_frame
2024-07-11 15:04:19,689 - root - WARNING - Queue is empty in show_frame
2024-07-11 15:04:19,751 - root - WARNING - Queue is empty in show_frame
2024-07-11 15:04:19,814 - root - WARNING - Queue is empty in show_frame
2024-07-11 15:04:19,876 - root - WARNING - Queue is empty in show_frame
2024-07-11 15:04:19,937 - root - WARNING - Queue is empty in show_frame
2024-07-11 15:04:19,999 - root - WARNING - Queue is empty in show_frame
2024-07-11 15:04:20,060 - root - WARNING - Queue is empty in show_frame
2024-07-11 15:04:20,121 - root - WARNING - Queue is empty in show_frame
2024-07-11 15:04:20,184 - root - WARNING - Queue is empty in show_frame
2024-07-11 15:04:20,245 - root - WARNING - Queue is empty in show_frame
2024-07-11 15:04:20,306 - root - WARNING - Queue is empty in show_frame
2024-07-11 15:04:20,370 - root - WARNING - Queue is empty in show_frame
2024-07-11 15:04:20,433 - root - WARNING - Queue is empty in show_frame
2024-07-11 15:04:20,494 - root - WARNING - Queue is empty in show_frame
2024-07-11 15:04:20,557 - root - WARNING - Queue is empty in show_frame
2024-07-11 15:04:20,618 - root - WARNING - Queue is empty in show_frame
2024-07-11 15:04:20,679 - root - WARNING - Queue is empty in show_frame
2024-07-11 15:04:20,740 - root - WARNING - Queue is empty in show_frame
2024-07-11 15:04:20,804 - root - WARNING - Queue is empty in show_frame
2024-07-11 15:04:20,865 - root - WARNING - Queue is empty in show_frame
2024-07-11 15:04:20,929 - root - WARNING - Queue is empty in show_frame
2024-07-11 15:04:20,993 - root - WARNING - Queue is empty in show_frame
2024-07-11 15:04:21,055 - root - WARNING - Queue is empty in show_frame
2024-07-11 15:04:21,119 - root - WARNING - Queue is empty in show_frame
2024-07-11 15:04:21,182 - root - WARNING - Queue is empty in show_frame
2024-07-11 15:04:21,244 - root - WARNING - Queue is empty in show_frame
2024-07-11 15:04:21,305 - root - WARNING - Queue is empty in show_frame
2024-07-11 15:04:21,366 - root - WARNING - Queue is empty in show_frame
2024-07-11 15:04:21,430 - root - WARNING - Queue is empty in show_frame
2024-07-11 15:04:21,491 - root - WARNING - Queue is empty in show_frame
2024-07-11 15:04:21,554 - root - WARNING - Queue is empty in show_frame
2024-07-11 15:04:21,617 - root - WARNING - Queue is empty in show_frame
2024-07-11 15:04:21,679 - root - WARNING - Queue is empty in show_frame
2024-07-11 15:04:21,741 - root - WARNING - Queue is empty in show_frame
2024-07-11 15:04:21,805 - root - WARNING - Queue is empty in show_frame
2024-07-11 15:04:21,867 - root - WARNING - Queue is empty in show_frame
2024-07-11 15:04:21,930 - root - WARNING - Queue is empty in show_frame
2024-07-11 15:04:21,993 - root - WARNING - Queue is empty in show_frame
2024-07-11 15:04:22,055 - root - WARNING - Queue is empty in show_frame
2024-07-11 15:04:22,117 - root - WARNING - Queue is empty in show_frame
2024-07-11 15:04:22,179 - root - WARNING - Queue is empty in show_frame
2024-07-11 15:04:22,241 - root - WARNING - Queue is empty in show_frame
2024-07-11 15:04:22,303 - root - WARNING - Queue is empty in show_frame
2024-07-11 15:04:22,365 - root - WARNING - Queue is empty in show_frame
2024-07-11 15:04:22,427 - root - WARNING - Queue is empty in show_frame
2024-07-11 15:04:22,489 - root - WARNING - Queue is empty in show_frame
2024-07-11 15:04:22,551 - root - WARNING - Queue is empty in show_frame
2024-07-11 15:04:22,613 - root - WARNING - Queue is empty in show_frame
2024-07-11 15:04:22,677 - root - WARNING - Queue is empty in show_frame
2024-07-11 15:04:22,740 - root - WARNING - Queue is empty in show_frame
2024-07-11 15:04:22,804 - root - WARNING - Queue is empty in show_frame
2024-07-11 15:04:22,866 - root - WARNING - Queue is empty in show_frame
2024-07-11 15:04:22,928 - root - WARNING - Queue is empty in show_frame
2024-07-11 15:04:22,992 - root - WARNING - Queue is empty in show_frame
2024-07-11 15:04:23,055 - root - WARNING - Queue is empty in show_frame
2024-07-11 15:04:23,115 - root - WARNING - Queue is empty in show_frame
2024-07-11 15:04:23,179 - root - WARNING - Queue is empty in show_frame
2024-07-11 15:04:23,241 - root - WARNING - Queue is empty in show_frame
2024-07-11 15:04:23,301 - root - WARNING - Queue is empty in show_frame
2024-07-11 15:04:23,363 - root - WARNING - Queue is empty in show_frame
2024-07-11 15:04:23,427 - root - WARNING - Queue is empty in show_frame
2024-07-11 15:04:23,489 - root - WARNING - Queue is empty in show_frame
2024-07-11 15:04:23,551 - root - WARNING - Queue is empty in show_frame
2024-07-11 15:04:23,613 - root - WARNING - Queue is empty in show_frame
2024-07-11 15:04:23,675 - root - WARNING - Queue is empty in show_frame
2024-07-11 15:04:23,739 - root - WARNING - Queue is empty in show_frame
2024-07-11 15:04:23,803 - root - WARNING - Queue is empty in show_frame
2024-07-11 15:04:23,866 - root - WARNING - Queue is empty in show_frame
2024-07-11 15:04:23,927 - root - WARNING - Queue is empty in show_frame
2024-07-11 15:04:23,988 - root - WARNING - Queue is empty in show_frame
2024-07-11 15:04:24,049 - root - WARNING - Queue is empty in show_frame
2024-07-11 15:04:24,110 - root - WARNING - Queue is empty in show_frame
2024-07-11 15:04:24,172 - root - WARNING - Queue is empty in show_frame
2024-07-11 15:04:24,233 - root - WARNING - Queue is empty in show_frame
2024-07-11 15:04:24,294 - root - WARNING - Queue is empty in show_frame
2024-07-11 15:04:24,357 - root - WARNING - Queue is empty in show_frame
2024-07-11 15:04:24,419 - root - WARNING - Queue is empty in show_frame
2024-07-11 15:04:24,482 - root - WARNING - Queue is empty in show_frame
2024-07-11 15:04:24,543 - root - WARNING - Queue is empty in show_frame
2024-07-11 15:04:24,606 - root - WARNING - Queue is empty in show_frame
2024-07-11 15:04:24,667 - root - WARNING - Queue is empty in show_frame
2024-07-11 15:04:24,730 - root - WARNING - Queue is empty in show_frame
2024-07-11 15:04:24,793 - root - WARNING - Queue is empty in show_frame
2024-07-11 15:04:24,804 - root - ERROR - Error in func_inter: 'HandStatus' object has no attribute 'flag_handness'
2024-07-11 15:04:24,835 - root - INFO - FPS_cap: 62.50
2024-07-11 15:04:24,862 - root - INFO - FPS_cap: 50.85
2024-07-11 15:04:24,892 - root - INFO - FPS_cap: 44.94
2024-07-11 15:04:24,900 - root - INFO - FPS_show: 200.02
2024-07-11 15:04:24,916 - root - INFO - FPS_show: 115.39
2024-07-11 15:04:24,920 - root - INFO - FPS_cap: 42.74
2024-07-11 15:04:24,932 - root - INFO - FPS_show: 95.24
2024-07-11 15:04:24,934 - root - INFO - FPS_show: 114.42
2024-07-11 15:04:24,934 - root - WARNING - Queue is empty in show_frame
2024-07-11 15:04:24,951 - root - INFO - FPS_cap: 40.62
2024-07-11 15:04:24,982 - root - INFO - FPS_cap: 39.17
2024-07-11 15:04:24,994 - root - INFO - FPS_show: 57.86
2024-07-11 15:04:25,008 - root - INFO - FPS_show: 59.47
2024-07-11 15:04:25,008 - root - WARNING - Queue is empty in show_frame
2024-07-11 15:04:25,016 - root - INFO - FPS_cap: 37.61
2024-07-11 15:04:25,056 - root - INFO - FPS_cap: 35.62
2024-07-11 15:04:25,085 - root - INFO - FPS_cap: 35.50
2024-07-11 15:04:25,085 - root - INFO - FPS_show: 41.09
2024-07-11 15:04:25,101 - root - INFO - FPS_show: 42.72
2024-07-11 15:04:25,113 - root - INFO - FPS_cap: 35.52
2024-07-11 15:04:25,117 - root - INFO - FPS_show: 44.11
2024-07-11 15:04:25,133 - root - INFO - FPS_show: 45.32
2024-07-11 15:04:25,133 - root - WARNING - Queue is empty in show_frame
2024-07-11 15:04:25,210 - root - INFO - FPS_show: 37.48
2024-07-11 15:04:25,226 - root - INFO - FPS_show: 38.67
2024-07-11 15:04:25,229 - root - INFO - FPS_show: 41.27
2024-07-11 15:04:25,230 - root - WARNING - Queue is empty in show_frame
2024-07-11 15:04:25,291 - root - INFO - FPS_show: 37.46
2024-07-11 15:04:25,304 - root - INFO - FPS_show: 38.70
2024-07-11 15:04:25,320 - root - INFO - FPS_show: 39.58
2024-07-11 15:04:25,320 - root - WARNING - Queue is empty in show_frame
2024-07-11 15:04:25,395 - root - INFO - FPS_show: 35.64
2024-07-11 15:04:25,411 - root - INFO - FPS_show: 36.47
2024-07-11 15:04:25,426 - root - INFO - FPS_show: 37.31
2024-07-11 15:04:25,428 - root - INFO - FPS_show: 39.03
2024-07-11 15:04:25,428 - root - WARNING - Queue is empty in show_frame
2024-07-11 15:04:25,503 - root - INFO - FPS_show: 35.89
2024-07-11 15:04:25,505 - root - INFO - FPS_show: 37.40
2024-07-11 15:04:25,505 - root - WARNING - Queue is empty in show_frame
2024-07-11 15:04:25,581 - root - INFO - FPS_show: 34.75
2024-07-11 15:04:25,596 - root - INFO - FPS_show: 35.39
2024-07-11 15:04:25,612 - root - INFO - FPS_show: 35.99
2024-07-11 15:04:25,628 - root - INFO - FPS_show: 36.57
2024-07-11 15:04:25,643 - root - INFO - FPS_show: 37.17
2024-07-11 15:04:25,659 - root - INFO - FPS_show: 37.69
2024-07-11 15:04:25,659 - root - WARNING - Queue is empty in show_frame
2024-07-11 15:04:25,722 - root - INFO - FPS_show: 36.04
2024-07-11 15:04:25,736 - root - INFO - FPS_show: 35.87
2024-07-11 15:04:25,752 - root - INFO - FPS_show: 35.87
2024-07-11 15:04:25,768 - root - INFO - FPS_show: 35.90
2024-07-11 15:04:25,784 - root - INFO - FPS_show: 35.29
2024-07-11 15:04:25,784 - root - WARNING - Queue is empty in show_frame
2024-07-11 15:04:25,862 - root - INFO - FPS_show: 34.56
2024-07-11 15:04:25,878 - root - INFO - FPS_show: 34.48
2024-07-11 15:04:25,894 - root - INFO - FPS_show: 37.08
2024-07-11 15:04:25,909 - root - INFO - FPS_show: 37.13
2024-07-11 15:04:25,909 - root - WARNING - Queue is empty in show_frame
2024-07-11 15:04:25,974 - root - INFO - FPS_show: 34.98
2024-07-11 15:04:25,976 - root - INFO - FPS_show: 35.56
2024-07-11 15:04:25,986 - root - INFO - FPS_show: 38.65
2024-07-11 15:04:25,986 - root - WARNING - Queue is empty in show_frame
2024-07-11 15:04:26,063 - root - INFO - FPS_show: 35.84
2024-07-11 15:04:26,078 - root - INFO - FPS_show: 35.33
2024-07-11 15:04:26,094 - root - INFO - FPS_show: 37.32
2024-07-11 15:04:26,109 - root - INFO - FPS_show: 37.23
2024-07-11 15:04:26,124 - root - INFO - FPS_show: 37.27
2024-07-11 15:04:26,140 - root - INFO - FPS_show: 40.25
2024-07-11 15:04:26,140 - root - WARNING - Queue is empty in show_frame
2024-07-11 15:04:26,218 - root - INFO - FPS_show: 37.20
2024-07-11 15:04:26,232 - root - INFO - FPS_show: 37.25
2024-07-11 15:04:26,266 - root - INFO - FPS_show: 35.83
2024-07-11 15:04:26,279 - root - INFO - FPS_show: 38.69
2024-07-11 15:04:26,280 - root - WARNING - Queue is empty in show_frame
2024-07-11 15:04:26,362 - root - INFO - FPS_show: 35.02
2024-07-11 15:04:26,374 - root - INFO - FPS_show: 37.84
2024-07-11 15:04:26,394 - root - INFO - FPS_show: 37.62
2024-07-11 15:04:26,405 - root - INFO - FPS_show: 37.86
2024-07-11 15:04:26,405 - root - WARNING - Queue is empty in show_frame
2024-07-11 15:04:26,482 - root - INFO - FPS_show: 35.14
2024-07-11 15:04:26,498 - root - INFO - FPS_show: 35.10
2024-07-11 15:04:26,514 - root - INFO - FPS_show: 35.14
2024-07-11 15:04:26,514 - root - WARNING - Queue is empty in show_frame
2024-07-11 15:04:26,592 - root - INFO - FPS_show: 34.49
2024-07-11 15:04:26,608 - root - INFO - FPS_show: 34.41
2024-07-11 15:04:26,623 - root - INFO - FPS_show: 34.45
2024-07-11 15:04:26,639 - root - INFO - FPS_show: 34.42
2024-07-11 15:04:26,639 - root - WARNING - Queue is empty in show_frame
2024-07-11 15:04:26,704 - root - INFO - FPS_show: 32.59
2024-07-11 15:04:26,718 - root - INFO - FPS_show: 35.03
2024-07-11 15:04:26,718 - root - WARNING - Queue is empty in show_frame
2024-07-11 15:04:26,796 - root - INFO - FPS_show: 32.67
2024-07-11 15:04:26,812 - root - INFO - FPS_show: 32.67
2024-07-11 15:04:26,828 - root - INFO - FPS_show: 32.63
2024-07-11 15:04:26,828 - root - WARNING - Queue is empty in show_frame
2024-07-11 15:04:26,907 - root - INFO - FPS_show: 32.18
2024-07-11 15:04:26,923 - root - INFO - FPS_show: 31.71
2024-07-11 15:04:26,939 - root - INFO - FPS_show: 31.51
2024-07-11 15:04:26,954 - root - INFO - FPS_show: 33.67
2024-07-11 15:04:26,969 - root - INFO - FPS_show: 33.67
2024-07-11 15:04:26,969 - root - WARNING - Queue is empty in show_frame
2024-07-11 15:04:27,066 - root - INFO - FPS_show: 30.89
2024-07-11 15:04:27,077 - root - INFO - FPS_show: 31.02
2024-07-11 15:04:27,098 - root - INFO - FPS_show: 30.83
2024-07-11 15:04:27,109 - root - INFO - FPS_show: 30.99
2024-07-11 15:04:27,109 - root - WARNING - Queue is empty in show_frame
2024-07-11 15:04:27,185 - root - INFO - FPS_show: 31.02
2024-07-11 15:04:27,187 - root - INFO - FPS_show: 31.41
2024-07-11 15:04:27,187 - root - WARNING - Queue is empty in show_frame
2024-07-11 15:04:27,263 - root - INFO - FPS_show: 30.07
2024-07-11 15:04:27,278 - root - INFO - FPS_show: 30.01
2024-07-11 15:04:27,293 - root - INFO - FPS_show: 32.21
2024-07-11 15:04:27,309 - root - INFO - FPS_show: 32.08
2024-07-11 15:04:27,309 - root - WARNING - Queue is empty in show_frame
2024-07-11 15:04:27,373 - root - INFO - FPS_show: 30.63
2024-07-11 15:04:27,385 - root - INFO - FPS_show: 30.60
2024-07-11 15:04:27,385 - root - WARNING - Queue is empty in show_frame
2024-07-11 15:04:27,465 - root - INFO - FPS_show: 30.54
2024-07-11 15:04:27,481 - root - INFO - FPS_show: 30.54
2024-07-11 15:04:27,497 - root - INFO - FPS_show: 30.51
2024-07-11 15:04:27,497 - root - WARNING - Queue is empty in show_frame
2024-07-11 15:04:27,576 - root - INFO - FPS_show: 30.50
2024-07-11 15:04:27,592 - root - INFO - FPS_show: 30.50
2024-07-11 15:04:27,608 - root - INFO - FPS_show: 30.47
2024-07-11 15:04:27,611 - root - INFO - FPS_show: 30.88
2024-07-11 15:04:27,611 - root - WARNING - Queue is empty in show_frame
2024-07-11 15:04:27,686 - root - INFO - FPS_show: 30.57
2024-07-11 15:04:27,701 - root - INFO - FPS_show: 30.54
2024-07-11 15:04:27,717 - root - INFO - FPS_show: 32.59
2024-07-11 15:04:27,717 - root - WARNING - Queue is empty in show_frame
2024-07-11 15:04:27,793 - root - INFO - FPS_show: 30.58
2024-07-11 15:04:27,796 - root - INFO - FPS_show: 30.99
2024-07-11 15:04:27,809 - root - INFO - FPS_show: 33.23
2024-07-11 15:04:27,809 - root - WARNING - Queue is empty in show_frame
2024-07-11 15:04:27,886 - root - INFO - FPS_show: 31.16
2024-07-11 15:04:27,902 - root - INFO - FPS_show: 31.16
2024-07-11 15:04:27,917 - root - INFO - FPS_show: 31.18
2024-07-11 15:04:27,917 - root - WARNING - Queue is empty in show_frame
2024-07-11 15:04:27,993 - root - INFO - FPS_show: 29.30
2024-07-11 15:04:27,995 - root - INFO - FPS_show: 32.27
2024-07-11 15:04:27,995 - root - WARNING - Queue is empty in show_frame
2024-07-11 15:04:28,071 - root - INFO - FPS_show: 30.16
2024-07-11 15:04:28,089 - root - INFO - FPS_show: 30.25
2024-07-11 15:04:28,101 - root - INFO - FPS_show: 30.22
2024-07-11 15:04:28,122 - root - INFO - FPS_show: 32.01
2024-07-11 15:04:28,132 - root - INFO - FPS_show: 31.73
2024-07-11 15:04:28,132 - root - WARNING - Queue is empty in show_frame
2024-07-11 15:04:28,211 - root - INFO - FPS_show: 31.67
2024-07-11 15:04:28,226 - root - INFO - FPS_show: 31.67
2024-07-11 15:04:28,240 - root - INFO - FPS_show: 31.67
2024-07-11 15:04:28,240 - root - WARNING - Queue is empty in show_frame
2024-07-11 15:04:28,319 - root - INFO - FPS_show: 29.69
2024-07-11 15:04:28,335 - root - INFO - FPS_show: 31.19
2024-07-11 15:04:28,351 - root - INFO - FPS_show: 31.06
2024-07-11 15:04:28,351 - root - WARNING - Queue is empty in show_frame
2024-07-11 15:04:28,416 - root - INFO - FPS_show: 31.55
2024-07-11 15:04:28,431 - root - INFO - FPS_show: 31.58
2024-07-11 15:04:28,445 - root - INFO - FPS_show: 31.62
2024-07-11 15:04:28,446 - root - WARNING - Queue is empty in show_frame
2024-07-11 15:04:28,522 - root - INFO - FPS_show: 31.70
2024-07-11 15:04:28,538 - root - INFO - FPS_show: 31.70
2024-07-11 15:04:28,553 - root - INFO - FPS_show: 31.74
2024-07-11 15:04:28,568 - root - INFO - FPS_show: 31.34
2024-07-11 15:04:28,568 - root - WARNING - Queue is empty in show_frame
2024-07-11 15:04:28,645 - root - INFO - FPS_show: 31.27
2024-07-11 15:04:28,667 - root - INFO - FPS_show: 31.07
2024-07-11 15:04:28,677 - root - INFO - FPS_show: 31.26
2024-07-11 15:04:28,677 - root - WARNING - Queue is empty in show_frame
2024-07-11 15:04:28,754 - root - INFO - FPS_show: 31.24
2024-07-11 15:04:28,770 - root - INFO - FPS_show: 30.82
2024-07-11 15:04:28,794 - root - INFO - FPS_show: 30.48
2024-07-11 15:04:28,802 - root - INFO - FPS_show: 32.74
2024-07-11 15:04:28,802 - root - WARNING - Queue is empty in show_frame
2024-07-11 15:04:28,879 - root - INFO - FPS_show: 30.69
2024-07-11 15:04:28,894 - root - INFO - FPS_show: 30.69
2024-07-11 15:04:28,896 - root - INFO - FPS_show: 33.23
2024-07-11 15:04:28,897 - root - WARNING - Queue is empty in show_frame
2024-07-11 15:04:28,972 - root - INFO - FPS_show: 30.71
2024-07-11 15:04:28,988 - root - INFO - FPS_show: 32.72
2024-07-11 15:04:29,004 - root - INFO - FPS_show: 32.81
2024-07-11 15:04:29,004 - root - WARNING - Queue is empty in show_frame
2024-07-11 15:04:29,080 - root - INFO - FPS_show: 30.65
2024-07-11 15:04:29,098 - root - INFO - FPS_show: 30.72
2024-07-11 15:04:29,102 - root - INFO - FPS_show: 30.91
2024-07-11 15:04:29,102 - root - WARNING - Queue is empty in show_frame
2024-07-11 15:04:29,174 - root - INFO - FPS_show: 31.14
2024-07-11 15:04:29,194 - root - INFO - FPS_show: 30.99
2024-07-11 15:04:29,206 - root - INFO - FPS_show: 31.08
2024-07-11 15:04:29,206 - root - WARNING - Queue is empty in show_frame
2024-07-11 15:04:29,290 - root - INFO - FPS_show: 30.89
2024-07-11 15:04:29,300 - root - INFO - FPS_show: 31.07
2024-07-11 15:04:29,315 - root - INFO - FPS_show: 31.10
2024-07-11 15:04:29,316 - root - WARNING - Queue is empty in show_frame
2024-07-11 15:04:29,392 - root - INFO - FPS_show: 30.71
2024-07-11 15:04:29,408 - root - INFO - FPS_show: 30.68
2024-07-11 15:04:29,410 - root - INFO - FPS_show: 31.09
2024-07-11 15:04:29,410 - root - WARNING - Queue is empty in show_frame
2024-07-11 15:04:29,484 - root - INFO - FPS_show: 31.21
2024-07-11 15:04:29,486 - root - INFO - FPS_show: 31.67
2024-07-11 15:04:29,486 - root - WARNING - Queue is empty in show_frame
2024-07-11 15:04:29,561 - root - INFO - FPS_show: 29.77
2024-07-11 15:04:29,576 - root - INFO - FPS_show: 29.77
2024-07-11 15:04:29,592 - root - INFO - FPS_show: 31.69
2024-07-11 15:04:29,592 - root - WARNING - Queue is empty in show_frame
2024-07-11 15:04:29,671 - root - INFO - FPS_show: 29.86
2024-07-11 15:04:29,690 - root - INFO - FPS_show: 29.60
2024-07-11 15:04:29,701 - root - INFO - FPS_show: 31.67
2024-07-11 15:04:29,722 - root - INFO - FPS_show: 31.50
2024-07-11 15:04:29,733 - root - INFO - FPS_show: 31.94
2024-07-11 15:04:29,733 - root - WARNING - Queue is empty in show_frame
2024-07-11 15:04:29,796 - root - INFO - FPS_show: 30.17
2024-07-11 15:04:29,798 - root - INFO - FPS_show: 32.64
2024-07-11 15:04:29,799 - root - WARNING - Queue is empty in show_frame
2024-07-11 15:04:29,873 - root - INFO - FPS_show: 30.64
2024-07-11 15:04:29,898 - root - INFO - FPS_show: 29.94
2024-07-11 15:04:29,905 - root - INFO - FPS_show: 32.16
2024-07-11 15:04:29,905 - root - WARNING - Queue is empty in show_frame
2024-07-11 15:04:29,969 - root - INFO - FPS_show: 30.58
2024-07-11 15:04:29,982 - root - INFO - FPS_show: 30.65
2024-07-11 15:04:29,982 - root - WARNING - Queue is empty in show_frame
2024-07-11 15:04:30,060 - root - INFO - FPS_show: 30.60
2024-07-11 15:04:30,076 - root - INFO - FPS_show: 30.68
2024-07-11 15:04:30,092 - root - INFO - FPS_show: 30.31
2024-07-11 15:04:30,108 - root - INFO - FPS_show: 32.11
2024-07-11 15:04:30,108 - root - WARNING - Queue is empty in show_frame
2024-07-11 15:04:30,186 - root - INFO - FPS_show: 30.21
2024-07-11 15:04:30,201 - root - INFO - FPS_show: 30.12
2024-07-11 15:04:30,219 - root - INFO - FPS_show: 32.30
2024-07-11 15:04:30,233 - root - INFO - FPS_show: 32.19
2024-07-11 15:04:30,233 - root - WARNING - Queue is empty in show_frame
2024-07-11 15:04:30,310 - root - INFO - FPS_show: 30.16
2024-07-11 15:04:30,312 - root - INFO - FPS_show: 32.61
2024-07-11 15:04:30,312 - root - WARNING - Queue is empty in show_frame
2024-07-11 15:04:30,373 - root - INFO - FPS_show: 31.10
2024-07-11 15:04:30,386 - root - INFO - FPS_show: 30.75
2024-07-11 15:04:30,386 - root - WARNING - Queue is empty in show_frame
2024-07-11 15:04:30,464 - root - INFO - FPS_show: 30.61
2024-07-11 15:04:30,489 - root - INFO - FPS_show: 29.89
2024-07-11 15:04:30,495 - root - INFO - FPS_show: 32.11
2024-07-11 15:04:30,511 - root - INFO - FPS_show: 32.09
2024-07-11 15:04:30,511 - root - WARNING - Queue is empty in show_frame
2024-07-11 15:04:30,576 - root - INFO - FPS_show: 30.50
2024-07-11 15:04:30,588 - root - INFO - FPS_show: 32.71
2024-07-11 15:04:30,604 - root - INFO - FPS_show: 32.82
2024-07-11 15:04:30,604 - root - WARNING - Queue is empty in show_frame
2024-07-11 15:04:30,669 - root - INFO - FPS_show: 30.99
2024-07-11 15:04:30,684 - root - INFO - FPS_show: 31.18
2024-07-11 15:04:30,684 - root - WARNING - Queue is empty in show_frame
2024-07-11 15:04:30,749 - root - INFO - FPS_show: 29.56
2024-07-11 15:04:30,763 - root - INFO - FPS_show: 31.03
2024-07-11 15:04:30,777 - root - INFO - FPS_show: 30.65
2024-07-11 15:04:30,777 - root - WARNING - Queue is empty in show_frame
2024-07-11 15:04:30,858 - root - INFO - FPS_show: 30.46
2024-07-11 15:04:30,871 - root - INFO - FPS_show: 30.84
2024-07-11 15:04:30,891 - root - INFO - FPS_show: 30.46
2024-07-11 15:04:30,903 - root - INFO - FPS_show: 32.13
2024-07-11 15:04:30,903 - root - WARNING - Queue is empty in show_frame
2024-07-11 15:04:30,969 - root - INFO - FPS_show: 30.41
2024-07-11 15:04:30,982 - root - INFO - FPS_show: 32.54
2024-07-11 15:04:30,998 - root - INFO - FPS_show: 32.54
2024-07-11 15:04:30,998 - root - WARNING - Queue is empty in show_frame
2024-07-11 15:04:31,076 - root - INFO - FPS_show: 30.50
2024-07-11 15:04:31,098 - root - INFO - FPS_show: 30.30
2024-07-11 15:04:31,107 - root - INFO - FPS_show: 32.58
2024-07-11 15:04:31,107 - root - WARNING - Queue is empty in show_frame
2024-07-11 15:04:31,184 - root - INFO - FPS_show: 30.53
2024-07-11 15:04:31,200 - root - INFO - FPS_show: 30.59
2024-07-11 15:04:31,216 - root - INFO - FPS_show: 30.50
2024-07-11 15:04:31,216 - root - WARNING - Queue is empty in show_frame
2024-07-11 15:04:31,292 - root - INFO - FPS_show: 30.54
2024-07-11 15:04:31,308 - root - INFO - FPS_show: 30.11
2024-07-11 15:04:31,324 - root - INFO - FPS_show: 31.56
2024-07-11 15:04:31,339 - root - INFO - FPS_show: 31.48
2024-07-11 15:04:31,339 - root - WARNING - Queue is empty in show_frame
2024-07-11 15:04:31,418 - root - INFO - FPS_show: 31.44
2024-07-11 15:04:31,431 - root - INFO - FPS_show: 31.86
2024-07-11 15:04:31,446 - root - INFO - FPS_show: 31.56
2024-07-11 15:04:31,446 - root - WARNING - Queue is empty in show_frame
2024-07-11 15:04:31,529 - root - INFO - FPS_show: 29.46
2024-07-11 15:04:31,540 - root - INFO - FPS_show: 31.09
2024-07-11 15:04:31,562 - root - INFO - FPS_show: 30.79
2024-07-11 15:04:31,572 - root - INFO - FPS_show: 30.99
2024-07-11 15:04:31,572 - root - WARNING - Queue is empty in show_frame
2024-07-11 15:04:31,636 - root - INFO - FPS_show: 31.02
2024-07-11 15:04:31,650 - root - INFO - FPS_show: 31.05
2024-07-11 15:04:31,650 - root - WARNING - Queue is empty in show_frame
2024-07-11 15:04:31,730 - root - INFO - FPS_show: 30.54
2024-07-11 15:04:31,732 - root - INFO - FPS_show: 30.94
2024-07-11 15:04:31,745 - root - INFO - FPS_show: 30.97
2024-07-11 15:04:31,745 - root - WARNING - Queue is empty in show_frame
2024-07-11 15:04:31,824 - root - INFO - FPS_show: 31.07
2024-07-11 15:04:31,826 - root - INFO - FPS_show: 31.42
2024-07-11 15:04:31,840 - root - INFO - FPS_show: 31.59
2024-07-11 15:04:31,840 - root - WARNING - Queue is empty in show_frame
2024-07-11 15:04:31,902 - root - INFO - FPS_show: 30.03
2024-07-11 15:04:31,916 - root - INFO - FPS_show: 31.69
2024-07-11 15:04:31,916 - root - WARNING - Queue is empty in show_frame
2024-07-11 15:04:31,994 - root - INFO - FPS_show: 29.64
2024-07-11 15:04:32,008 - root - INFO - FPS_show: 29.70
2024-07-11 15:04:32,026 - root - INFO - FPS_show: 31.58
2024-07-11 15:04:32,040 - root - INFO - FPS_show: 31.86
2024-07-11 15:04:32,040 - root - WARNING - Queue is empty in show_frame
2024-07-11 15:04:32,117 - root - INFO - FPS_show: 29.70
2024-07-11 15:04:32,132 - root - INFO - FPS_show: 31.64
2024-07-11 15:04:32,148 - root - INFO - FPS_show: 31.64
2024-07-11 15:04:32,164 - root - INFO - FPS_show: 31.66
2024-07-11 15:04:32,164 - root - WARNING - Queue is empty in show_frame
2024-07-11 15:04:32,227 - root - INFO - FPS_show: 32.11
2024-07-11 15:04:32,240 - root - INFO - FPS_show: 32.21
2024-07-11 15:04:32,240 - root - WARNING - Queue is empty in show_frame
2024-07-11 15:04:32,315 - root - INFO - FPS_show: 30.27
2024-07-11 15:04:32,331 - root - INFO - FPS_show: 30.25
2024-07-11 15:04:32,334 - root - INFO - FPS_show: 32.76
2024-07-11 15:04:32,334 - root - WARNING - Queue is empty in show_frame
2024-07-11 15:04:32,409 - root - INFO - FPS_show: 30.67
2024-07-11 15:04:32,411 - root - INFO - FPS_show: 31.08
2024-07-11 15:04:32,411 - root - WARNING - Queue is empty in show_frame
2024-07-11 15:04:32,490 - root - INFO - FPS_show: 31.23
2024-07-11 15:04:32,502 - root - INFO - FPS_show: 31.19
2024-07-11 15:04:32,517 - root - INFO - FPS_show: 31.42
2024-07-11 15:04:32,517 - root - WARNING - Queue is empty in show_frame
2024-07-11 15:04:32,594 - root - INFO - FPS_show: 29.36
2024-07-11 15:04:32,596 - root - INFO - FPS_show: 31.26
2024-07-11 15:04:32,609 - root - INFO - FPS_show: 31.29
2024-07-11 15:04:32,624 - root - INFO - FPS_show: 33.56
2024-07-11 15:04:32,625 - root - WARNING - Queue is empty in show_frame
2024-07-11 15:04:32,688 - root - INFO - FPS_show: 31.40
2024-07-11 15:04:32,689 - root - WARNING - Queue is empty in show_frame
2024-07-11 15:04:32,750 - root - INFO - FPS_show: 29.86
2024-07-11 15:04:32,763 - root - INFO - FPS_show: 31.93
2024-07-11 15:04:32,763 - root - WARNING - Queue is empty in show_frame
2024-07-11 15:04:32,840 - root - INFO - FPS_show: 29.58
2024-07-11 15:04:32,841 - root - INFO - FPS_show: 29.94
2024-07-11 15:04:32,857 - root - INFO - FPS_show: 31.40
2024-07-11 15:04:32,869 - root - INFO - FPS_show: 31.45
2024-07-11 15:04:32,869 - root - WARNING - Queue is empty in show_frame
2024-07-11 15:04:32,933 - root - INFO - FPS_show: 31.95
2024-07-11 15:04:32,947 - root - INFO - FPS_show: 31.97
2024-07-11 15:04:32,947 - root - WARNING - Queue is empty in show_frame
2024-07-11 15:04:33,025 - root - INFO - FPS_show: 30.02
2024-07-11 15:04:33,040 - root - INFO - FPS_show: 29.98
2024-07-11 15:04:33,066 - root - INFO - FPS_show: 31.60
2024-07-11 15:04:33,071 - root - INFO - FPS_show: 31.94
2024-07-11 15:04:33,071 - root - WARNING - Queue is empty in show_frame
2024-07-11 15:04:33,149 - root - INFO - FPS_show: 29.97
2024-07-11 15:04:33,151 - root - INFO - FPS_show: 30.39
2024-07-11 15:04:33,151 - root - WARNING - Queue is empty in show_frame
2024-07-11 15:04:33,228 - root - INFO - FPS_show: 29.97
2024-07-11 15:04:33,243 - root - INFO - FPS_show: 29.91
2024-07-11 15:04:33,245 - root - INFO - FPS_show: 32.26
2024-07-11 15:04:33,245 - root - WARNING - Queue is empty in show_frame
2024-07-11 15:04:33,308 - root - INFO - FPS_show: 30.69
2024-07-11 15:04:33,321 - root - INFO - FPS_show: 30.37
2024-07-11 15:04:33,337 - root - INFO - FPS_show: 32.32
2024-07-11 15:04:33,337 - root - WARNING - Queue is empty in show_frame
2024-07-11 15:04:33,413 - root - INFO - FPS_show: 29.93
2024-07-11 15:04:33,430 - root - INFO - FPS_show: 31.94
2024-07-11 15:04:33,466 - root - INFO - FPS_show: 31.13
2024-07-11 15:04:33,476 - root - INFO - FPS_show: 31.30
2024-07-11 15:04:33,476 - root - WARNING - Queue is empty in show_frame
2024-07-11 15:04:33,553 - root - INFO - FPS_show: 31.30
2024-07-11 15:04:33,568 - root - INFO - FPS_show: 30.86
2024-07-11 15:04:33,583 - root - INFO - FPS_show: 30.80
2024-07-11 15:04:33,583 - root - WARNING - Queue is empty in show_frame
2024-07-11 15:04:33,661 - root - INFO - FPS_show: 28.93
2024-07-11 15:04:33,677 - root - INFO - FPS_show: 30.32
2024-07-11 15:04:33,693 - root - INFO - FPS_show: 31.81
2024-07-11 15:04:33,708 - root - INFO - FPS_show: 31.73
2024-07-11 15:04:33,708 - root - WARNING - Queue is empty in show_frame
2024-07-11 15:04:33,771 - root - INFO - FPS_show: 32.21
2024-07-11 15:04:33,786 - root - INFO - FPS_show: 31.76
2024-07-11 15:04:33,800 - root - INFO - FPS_show: 31.82
2024-07-11 15:04:33,800 - root - WARNING - Queue is empty in show_frame
2024-07-11 15:04:33,879 - root - INFO - FPS_show: 29.71
2024-07-11 15:04:33,898 - root - INFO - FPS_show: 31.09
2024-07-11 15:04:33,911 - root - INFO - FPS_show: 31.11
2024-07-11 15:04:33,911 - root - WARNING - Queue is empty in show_frame
2024-07-11 15:04:33,988 - root - INFO - FPS_show: 31.15
2024-07-11 15:04:34,004 - root - INFO - FPS_show: 31.14
2024-07-11 15:04:34,019 - root - INFO - FPS_show: 31.50
2024-07-11 15:04:34,019 - root - WARNING - Queue is empty in show_frame
2024-07-11 15:04:34,097 - root - INFO - FPS_show: 29.25
2024-07-11 15:04:34,099 - root - INFO - FPS_show: 31.58
2024-07-11 15:04:34,113 - root - INFO - FPS_show: 31.20
2024-07-11 15:04:34,113 - root - WARNING - Queue is empty in show_frame
2024-07-11 15:04:34,187 - root - INFO - FPS_show: 31.26
2024-07-11 15:04:34,202 - root - INFO - FPS_show: 31.26
2024-07-11 15:04:34,218 - root - INFO - FPS_show: 30.81
2024-07-11 15:04:34,218 - root - WARNING - Queue is empty in show_frame
2024-07-11 15:04:34,298 - root - INFO - FPS_show: 30.29
2024-07-11 15:04:34,313 - root - INFO - FPS_show: 30.26
2024-07-11 15:04:34,331 - root - INFO - FPS_show: 30.20
2024-07-11 15:04:34,333 - root - INFO - FPS_show: 32.62
2024-07-11 15:04:34,333 - root - WARNING - Queue is empty in show_frame
2024-07-11 15:04:34,407 - root - INFO - FPS_show: 30.70
2024-07-11 15:04:34,426 - root - INFO - FPS_show: 31.25
2024-07-11 15:04:34,439 - root - INFO - FPS_show: 31.16
2024-07-11 15:04:34,439 - root - WARNING - Queue is empty in show_frame
2024-07-11 15:04:34,518 - root - INFO - FPS_show: 31.08
2024-07-11 15:04:34,534 - root - INFO - FPS_show: 31.07
2024-07-11 15:04:34,554 - root - INFO - FPS_show: 30.90
2024-07-11 15:04:34,566 - root - INFO - FPS_show: 33.16
2024-07-11 15:04:34,566 - root - WARNING - Queue is empty in show_frame
2024-07-11 15:04:34,666 - root - INFO - FPS_show: 30.34
2024-07-11 15:04:34,675 - root - INFO - FPS_show: 30.55
2024-07-11 15:04:34,690 - root - INFO - FPS_show: 30.56
2024-07-11 15:04:34,690 - root - WARNING - Queue is empty in show_frame
2024-07-11 15:04:34,769 - root - INFO - FPS_show: 30.06
2024-07-11 15:04:34,772 - root - INFO - FPS_show: 30.42
2024-07-11 15:04:34,794 - root - INFO - FPS_show: 30.18
2024-07-11 15:04:34,800 - root - INFO - FPS_show: 32.57
2024-07-11 15:04:34,800 - root - WARNING - Queue is empty in show_frame
2024-07-11 15:04:34,877 - root - INFO - FPS_show: 30.64
2024-07-11 15:04:34,893 - root - INFO - FPS_show: 30.57
2024-07-11 15:04:34,909 - root - INFO - FPS_show: 32.59
2024-07-11 15:04:34,909 - root - WARNING - Queue is empty in show_frame
2024-07-11 15:04:34,988 - root - INFO - FPS_show: 30.48
2024-07-11 15:04:35,003 - root - INFO - FPS_show: 30.48
2024-07-11 15:04:35,005 - root - INFO - FPS_show: 33.04
2024-07-11 15:04:35,005 - root - WARNING - Queue is empty in show_frame
2024-07-11 15:04:35,080 - root - INFO - FPS_show: 30.58
2024-07-11 15:04:35,099 - root - INFO - FPS_show: 30.45
2024-07-11 15:04:35,110 - root - INFO - FPS_show: 32.51
2024-07-11 15:04:35,110 - root - WARNING - Queue is empty in show_frame
2024-07-11 15:04:35,193 - root - INFO - FPS_show: 30.27
2024-07-11 15:04:35,204 - root - INFO - FPS_show: 30.45
2024-07-11 15:04:35,225 - root - INFO - FPS_show: 32.36
2024-07-11 15:04:35,234 - root - INFO - FPS_show: 32.55
2024-07-11 15:04:35,234 - root - WARNING - Queue is empty in show_frame
2024-07-11 15:04:35,298 - root - INFO - FPS_show: 31.02
2024-07-11 15:04:35,312 - root - INFO - FPS_show: 30.65
2024-07-11 15:04:35,312 - root - WARNING - Queue is empty in show_frame
2024-07-11 15:04:35,390 - root - INFO - FPS_show: 30.51
2024-07-11 15:04:35,406 - root - INFO - FPS_show: 30.61
2024-07-11 15:04:35,422 - root - INFO - FPS_show: 30.51
2024-07-11 15:04:35,423 - root - INFO - FPS_show: 33.15
2024-07-11 15:04:35,424 - root - WARNING - Queue is empty in show_frame
2024-07-11 15:04:35,500 - root - INFO - FPS_show: 31.06
2024-07-11 15:04:35,513 - root - INFO - FPS_show: 31.29
2024-07-11 15:04:35,513 - root - WARNING - Queue is empty in show_frame
2024-07-11 15:04:35,578 - root - INFO - FPS_show: 29.65
2024-07-11 15:04:35,591 - root - INFO - FPS_show: 32.44
2024-07-11 15:04:35,591 - root - WARNING - Queue is empty in show_frame
2024-07-11 15:04:35,667 - root - INFO - FPS_show: 30.25
2024-07-11 15:04:35,668 - root - INFO - FPS_show: 30.69
2024-07-11 15:04:35,690 - root - INFO - FPS_show: 32.59
2024-07-11 15:04:35,697 - root - INFO - FPS_show: 32.45
2024-07-11 15:04:35,697 - root - WARNING - Queue is empty in show_frame
2024-07-11 15:04:35,775 - root - INFO - FPS_show: 30.59
2024-07-11 15:04:35,791 - root - INFO - FPS_show: 30.28
2024-07-11 15:04:35,807 - root - INFO - FPS_show: 32.27
2024-07-11 15:04:35,807 - root - WARNING - Queue is empty in show_frame
2024-07-11 15:04:35,883 - root - INFO - FPS_show: 30.29
2024-07-11 15:04:35,898 - root - INFO - FPS_show: 30.32
2024-07-11 15:04:35,914 - root - INFO - FPS_show: 32.40
2024-07-11 15:04:35,914 - root - WARNING - Queue is empty in show_frame
2024-07-11 15:04:35,976 - root - INFO - FPS_show: 30.83
2024-07-11 15:04:35,995 - root - INFO - FPS_show: 30.30
2024-07-11 15:04:36,005 - root - INFO - FPS_show: 32.43
2024-07-11 15:04:36,005 - root - WARNING - Queue is empty in show_frame
2024-07-11 15:04:36,090 - root - INFO - FPS_show: 30.23
2024-07-11 15:04:36,097 - root - INFO - FPS_show: 30.39
2024-07-11 15:04:36,112 - root - INFO - FPS_show: 32.65
2024-07-11 15:04:36,112 - root - WARNING - Queue is empty in show_frame
2024-07-11 15:04:36,177 - root - INFO - FPS_show: 30.85
2024-07-11 15:04:36,189 - root - INFO - FPS_show: 31.12
2024-07-11 15:04:36,205 - root - INFO - FPS_show: 30.91
2024-07-11 15:04:36,205 - root - WARNING - Queue is empty in show_frame
2024-07-11 15:04:36,282 - root - INFO - FPS_show: 30.47
2024-07-11 15:04:36,284 - root - INFO - FPS_show: 30.84
2024-07-11 15:04:36,284 - root - WARNING - Queue is empty in show_frame
2024-07-11 15:04:36,345 - root - INFO - FPS_show: 31.40
2024-07-11 15:04:36,362 - root - INFO - FPS_show: 31.36
2024-07-11 15:04:36,375 - root - INFO - FPS_show: 31.49
2024-07-11 15:04:36,375 - root - WARNING - Queue is empty in show_frame
2024-07-11 15:04:36,453 - root - INFO - FPS_show: 29.13
2024-07-11 15:04:36,468 - root - INFO - FPS_show: 30.98
2024-07-11 15:04:36,483 - root - INFO - FPS_show: 30.92
2024-07-11 15:04:36,483 - root - WARNING - Queue is empty in show_frame
2024-07-11 15:04:36,561 - root - INFO - FPS_show: 30.51
2024-07-11 15:04:36,577 - root - INFO - FPS_show: 30.43
2024-07-11 15:04:36,593 - root - INFO - FPS_show: 32.40
2024-07-11 15:04:36,595 - root - INFO - FPS_show: 32.37
2024-07-11 15:04:36,596 - root - WARNING - Queue is empty in show_frame
2024-07-11 15:04:36,671 - root - INFO - FPS_show: 30.58
2024-07-11 15:04:36,673 - root - INFO - FPS_show: 30.74
2024-07-11 15:04:36,674 - root - WARNING - Queue is empty in show_frame
2024-07-11 15:04:36,735 - root - INFO - FPS_show: 31.26
2024-07-11 15:04:36,748 - root - INFO - FPS_show: 31.36
2024-07-11 15:04:36,748 - root - WARNING - Queue is empty in show_frame
2024-07-11 15:04:36,826 - root - INFO - FPS_show: 29.45
2024-07-11 15:04:36,840 - root - INFO - FPS_show: 31.36
2024-07-11 15:04:36,859 - root - INFO - FPS_show: 31.23
2024-07-11 15:04:36,870 - root - INFO - FPS_show: 31.40
2024-07-11 15:04:36,870 - root - WARNING - Queue is empty in show_frame
2024-07-11 15:04:36,934 - root - INFO - FPS_show: 31.33
2024-07-11 15:04:36,946 - root - INFO - FPS_show: 31.54
2024-07-11 15:04:36,946 - root - WARNING - Queue is empty in show_frame
2024-07-11 15:04:37,023 - root - INFO - FPS_show: 29.47
2024-07-11 15:04:37,039 - root - INFO - FPS_show: 31.63
2024-07-11 15:04:37,068 - root - INFO - FPS_show: 30.92
2024-07-11 15:04:37,085 - root - INFO - FPS_show: 30.85
2024-07-11 15:04:37,085 - root - WARNING - Queue is empty in show_frame
2024-07-11 15:04:37,163 - root - INFO - FPS_show: 30.41
2024-07-11 15:04:37,179 - root - INFO - FPS_show: 30.33
2024-07-11 15:04:37,181 - root - INFO - FPS_show: 30.73
2024-07-11 15:04:37,181 - root - WARNING - Queue is empty in show_frame
2024-07-11 15:04:37,258 - root - INFO - FPS_show: 30.75
2024-07-11 15:04:37,272 - root - INFO - FPS_show: 30.38
2024-07-11 15:04:37,291 - root - INFO - FPS_show: 31.73
2024-07-11 15:04:37,302 - root - INFO - FPS_show: 31.93
2024-07-11 15:04:37,302 - root - WARNING - Queue is empty in show_frame
2024-07-11 15:04:37,379 - root - INFO - FPS_show: 29.86
2024-07-11 15:04:37,381 - root - INFO - FPS_show: 32.30
2024-07-11 15:04:37,381 - root - WARNING - Queue is empty in show_frame
2024-07-11 15:04:37,474 - root - INFO - FPS_show: 29.82
2024-07-11 15:04:37,489 - root - INFO - FPS_show: 29.82
2024-07-11 15:04:37,505 - root - INFO - FPS_show: 31.78
2024-07-11 15:04:37,521 - root - INFO - FPS_show: 31.77
2024-07-11 15:04:37,521 - root - WARNING - Queue is empty in show_frame
2024-07-11 15:04:37,601 - root - INFO - FPS_show: 29.76
2024-07-11 15:04:37,603 - root - INFO - FPS_show: 29.76
2024-07-11 15:04:37,617 - root - INFO - FPS_show: 31.71
2024-07-11 15:04:37,617 - root - WARNING - Queue is empty in show_frame
2024-07-11 15:04:37,690 - root - INFO - FPS_show: 29.50
2024-07-11 15:04:37,696 - root - INFO - FPS_show: 31.21
2024-07-11 15:04:37,712 - root - INFO - FPS_show: 31.12
2024-07-11 15:04:37,712 - root - WARNING - Queue is empty in show_frame
2024-07-11 15:04:37,790 - root - INFO - FPS_show: 31.12
2024-07-11 15:04:37,806 - root - INFO - FPS_show: 31.05
2024-07-11 15:04:37,822 - root - INFO - FPS_show: 31.15
2024-07-11 15:04:37,838 - root - INFO - FPS_show: 30.99
2024-07-11 15:04:37,838 - root - WARNING - Queue is empty in show_frame
2024-07-11 15:04:37,916 - root - INFO - FPS_show: 30.55
2024-07-11 15:04:37,931 - root - INFO - FPS_show: 30.48
2024-07-11 15:04:37,933 - root - INFO - FPS_show: 32.96
2024-07-11 15:04:37,933 - root - WARNING - Queue is empty in show_frame
2024-07-11 15:04:38,009 - root - INFO - FPS_show: 30.92
2024-07-11 15:04:38,027 - root - INFO - FPS_show: 31.28
2024-07-11 15:04:38,041 - root - INFO - FPS_show: 31.37
2024-07-11 15:04:38,041 - root - WARNING - Queue is empty in show_frame
2024-07-11 15:04:38,117 - root - INFO - FPS_show: 31.43
2024-07-11 15:04:38,133 - root - INFO - FPS_show: 31.43
2024-07-11 15:04:38,149 - root - INFO - FPS_show: 31.00
2024-07-11 15:04:38,149 - root - WARNING - Queue is empty in show_frame
2024-07-11 15:04:38,226 - root - INFO - FPS_show: 31.00
2024-07-11 15:04:38,266 - root - INFO - FPS_show: 30.18
2024-07-11 15:04:38,273 - root - INFO - FPS_show: 30.55
2024-07-11 15:04:38,275 - root - INFO - FPS_show: 30.84
2024-07-11 15:04:38,275 - root - WARNING - Queue is empty in show_frame
2024-07-11 15:04:38,337 - root - INFO - FPS_show: 31.33
2024-07-11 15:04:38,351 - root - INFO - FPS_show: 30.94
2024-07-11 15:04:38,351 - root - WARNING - Queue is empty in show_frame
2024-07-11 15:04:38,428 - root - INFO - FPS_show: 31.44
2024-07-11 15:04:38,444 - root - INFO - FPS_show: 31.41
2024-07-11 15:04:38,447 - root - INFO - FPS_show: 31.85
2024-07-11 15:04:38,447 - root - WARNING - Queue is empty in show_frame
2024-07-11 15:04:38,523 - root - INFO - FPS_show: 29.93
2024-07-11 15:04:38,537 - root - INFO - FPS_show: 32.04
2024-07-11 15:04:38,554 - root - INFO - FPS_show: 31.53
2024-07-11 15:04:38,569 - root - INFO - FPS_show: 31.50
2024-07-11 15:04:38,569 - root - WARNING - Queue is empty in show_frame
2024-07-11 15:04:38,666 - root - INFO - FPS_show: 30.73
2024-07-11 15:04:38,675 - root - INFO - FPS_show: 30.64
2024-07-11 15:04:38,698 - root - INFO - FPS_show: 30.42
2024-07-11 15:04:38,706 - root - INFO - FPS_show: 32.74
2024-07-11 15:04:38,706 - root - WARNING - Queue is empty in show_frame
2024-07-11 15:04:38,783 - root - INFO - FPS_show: 30.70
2024-07-11 15:04:38,799 - root - INFO - FPS_show: 30.70
2024-07-11 15:04:38,814 - root - INFO - FPS_show: 30.73
2024-07-11 15:04:38,814 - root - WARNING - Queue is empty in show_frame
2024-07-11 15:04:38,891 - root - INFO - FPS_show: 30.75
2024-07-11 15:04:38,907 - root - INFO - FPS_show: 30.72
2024-07-11 15:04:38,922 - root - INFO - FPS_show: 30.34
2024-07-11 15:04:38,938 - root - INFO - FPS_show: 32.28
2024-07-11 15:04:38,938 - root - WARNING - Queue is empty in show_frame
2024-07-11 15:04:39,018 - root - INFO - FPS_show: 30.27
2024-07-11 15:04:39,031 - root - INFO - FPS_show: 30.30
2024-07-11 15:04:39,033 - root - INFO - FPS_show: 32.76
2024-07-11 15:04:39,033 - root - WARNING - Queue is empty in show_frame
2024-07-11 15:04:39,111 - root - INFO - FPS_show: 30.68
2024-07-11 15:04:39,131 - root - INFO - FPS_show: 30.55
2024-07-11 15:04:39,143 - root - INFO - FPS_show: 32.71
2024-07-11 15:04:39,143 - root - WARNING - Queue is empty in show_frame
2024-07-11 15:04:39,210 - root - INFO - FPS_show: 31.79
2024-07-11 15:04:39,228 - root - INFO - FPS_show: 31.46
2024-07-11 15:04:39,239 - root - INFO - FPS_show: 31.13
2024-07-11 15:04:39,239 - root - WARNING - Queue is empty in show_frame
2024-07-11 15:04:39,322 - root - INFO - FPS_show: 30.47
2024-07-11 15:04:39,332 - root - INFO - FPS_show: 30.59
2024-07-11 15:04:39,336 - root - INFO - FPS_show: 33.05
2024-07-11 15:04:39,336 - root - WARNING - Queue is empty in show_frame
2024-07-11 15:04:39,395 - root - INFO - FPS_show: 31.56
2024-07-11 15:04:39,419 - root - INFO - FPS_show: 30.86
2024-07-11 15:04:39,426 - root - INFO - FPS_show: 33.24
2024-07-11 15:04:39,426 - root - WARNING - Queue is empty in show_frame
2024-07-11 15:04:39,504 - root - INFO - FPS_show: 31.01
2024-07-11 15:04:39,520 - root - INFO - FPS_show: 31.04
2024-07-11 15:04:39,520 - root - WARNING - Queue is empty in show_frame
2024-07-11 15:04:39,598 - root - INFO - FPS_show: 29.14
2024-07-11 15:04:39,614 - root - INFO - FPS_show: 31.63
2024-07-11 15:04:39,616 - root - INFO - FPS_show: 31.86
2024-07-11 15:04:39,617 - root - WARNING - Queue is empty in show_frame
2024-07-11 15:04:39,694 - root - INFO - FPS_show: 30.12
2024-07-11 15:04:39,709 - root - INFO - FPS_show: 29.91
2024-07-11 15:04:39,724 - root - INFO - FPS_show: 31.88
2024-07-11 15:04:39,724 - root - WARNING - Queue is empty in show_frame
2024-07-11 15:04:39,802 - root - INFO - FPS_show: 29.91
2024-07-11 15:04:39,818 - root - INFO - FPS_show: 29.88
2024-07-11 15:04:39,833 - root - INFO - FPS_show: 31.85
2024-07-11 15:04:39,867 - root - INFO - FPS_show: 31.26
2024-07-11 15:04:39,870 - root - INFO - FPS_show: 31.65
2024-07-11 15:04:39,871 - root - WARNING - Queue is empty in show_frame
2024-07-11 15:04:39,943 - root - INFO - FPS_show: 29.87
2024-07-11 15:04:39,946 - root - INFO - FPS_show: 32.34
2024-07-11 15:04:39,946 - root - WARNING - Queue is empty in show_frame
2024-07-11 15:04:40,027 - root - INFO - FPS_show: 30.13
2024-07-11 15:04:40,038 - root - INFO - FPS_show: 29.86
2024-07-11 15:04:40,058 - root - INFO - FPS_show: 31.68
2024-07-11 15:04:40,068 - root - INFO - FPS_show: 32.01
2024-07-11 15:04:40,068 - root - WARNING - Queue is empty in show_frame
2024-07-11 15:04:40,145 - root - INFO - FPS_show: 29.94
2024-07-11 15:04:40,161 - root - INFO - FPS_show: 31.52
2024-07-11 15:04:40,176 - root - INFO - FPS_show: 31.59
2024-07-11 15:04:40,176 - root - WARNING - Queue is empty in show_frame
2024-07-11 15:04:40,266 - root - INFO - FPS_show: 29.20
2024-07-11 15:04:40,269 - root - INFO - FPS_show: 31.67
2024-07-11 15:04:40,284 - root - INFO - FPS_show: 31.50
2024-07-11 15:04:40,284 - root - WARNING - Queue is empty in show_frame
2024-07-11 15:04:40,348 - root - INFO - FPS_show: 29.62
2024-07-11 15:04:40,361 - root - INFO - FPS_show: 31.03
2024-07-11 15:04:40,361 - root - WARNING - Queue is empty in show_frame
2024-07-11 15:04:40,438 - root - INFO - FPS_show: 29.42
2024-07-11 15:04:40,453 - root - INFO - FPS_show: 29.20
2024-07-11 15:04:40,469 - root - INFO - FPS_show: 31.09
2024-07-11 15:04:40,490 - root - INFO - FPS_show: 30.93
2024-07-11 15:04:40,501 - root - INFO - FPS_show: 33.23
2024-07-11 15:04:40,501 - root - WARNING - Queue is empty in show_frame
2024-07-11 15:04:40,577 - root - INFO - FPS_show: 31.15
2024-07-11 15:04:40,579 - root - INFO - FPS_show: 31.15
2024-07-11 15:04:40,579 - root - WARNING - Queue is empty in show_frame
2024-07-11 15:04:40,666 - root - INFO - FPS_show: 30.88
2024-07-11 15:04:40,672 - root - INFO - FPS_show: 31.17
2024-07-11 15:04:40,687 - root - INFO - FPS_show: 31.17
2024-07-11 15:04:40,687 - root - WARNING - Queue is empty in show_frame
2024-07-11 15:04:40,764 - root - INFO - FPS_show: 31.18
2024-07-11 15:04:40,766 - root - INFO - FPS_show: 31.64
2024-07-11 15:04:40,769 - root - INFO - FPS_show: 32.05
2024-07-11 15:04:40,769 - root - WARNING - Queue is empty in show_frame
2024-07-11 15:04:40,842 - root - INFO - FPS_show: 30.77
2024-07-11 15:04:40,858 - root - INFO - FPS_show: 30.36
2024-07-11 15:04:40,872 - root - INFO - FPS_show: 32.28
2024-07-11 15:04:40,872 - root - WARNING - Queue is empty in show_frame
2024-07-11 15:04:40,951 - root - INFO - FPS_show: 29.85
2024-07-11 15:04:40,958 - root - INFO - FPS_show: 32.26
2024-07-11 15:04:40,960 - root - INFO - FPS_show: 32.54
2024-07-11 15:04:40,960 - root - WARNING - Queue is empty in show_frame
2024-07-11 15:04:41,029 - root - INFO - FPS_show: 30.90
2024-07-11 15:04:41,031 - root - INFO - FPS_show: 31.16
2024-07-11 15:04:41,031 - root - WARNING - Queue is empty in show_frame
2024-07-11 15:04:41,106 - root - INFO - FPS_show: 31.22
2024-07-11 15:04:41,131 - root - INFO - FPS_show: 30.94
2024-07-11 15:04:41,138 - root - INFO - FPS_show: 31.19
2024-07-11 15:04:41,138 - root - WARNING - Queue is empty in show_frame
2024-07-11 15:04:41,203 - root - INFO - FPS_show: 32.02
2024-07-11 15:04:41,216 - root - INFO - FPS_show: 31.68
2024-07-11 15:04:41,216 - root - WARNING - Queue is empty in show_frame
2024-07-11 15:04:41,279 - root - INFO - FPS_show: 30.16
2024-07-11 15:04:41,294 - root - INFO - FPS_show: 31.74
2024-07-11 15:04:41,310 - root - INFO - FPS_show: 31.64
2024-07-11 15:04:41,311 - root - WARNING - Queue is empty in show_frame
2024-07-11 15:04:41,376 - root - INFO - FPS_show: 32.00
2024-07-11 15:04:41,378 - root - INFO - FPS_show: 32.45
2024-07-11 15:04:41,378 - root - WARNING - Queue is empty in show_frame
2024-07-11 15:04:41,443 - root - INFO - FPS_show: 30.80
2024-07-11 15:04:41,444 - root - WARNING - Queue is empty in show_frame
2024-07-11 15:04:41,568 - root - INFO - FPS_show: 27.87
2024-07-11 15:04:41,574 - root - INFO - FPS_show: 27.97
2024-07-11 15:04:41,586 - root - INFO - FPS_show: 29.75
2024-07-11 15:04:41,588 - root - INFO - FPS_show: 29.75
2024-07-11 15:04:41,590 - root - INFO - FPS_show: 32.46
2024-07-11 15:04:41,591 - root - WARNING - Queue is empty in show_frame
2024-07-11 15:04:41,651 - root - INFO - FPS_show: 30.63
2024-07-11 15:04:41,663 - root - INFO - FPS_show: 30.72
2024-07-11 15:04:41,663 - root - WARNING - Queue is empty in show_frame
2024-07-11 15:04:41,740 - root - INFO - FPS_show: 30.76
2024-07-11 15:04:41,755 - root - INFO - FPS_show: 30.35
2024-07-11 15:04:41,772 - root - INFO - FPS_show: 29.92
2024-07-11 15:04:41,787 - root - INFO - FPS_show: 31.75
2024-07-11 15:04:41,801 - root - INFO - FPS_show: 31.82
2024-07-11 15:04:41,801 - root - WARNING - Queue is empty in show_frame
2024-07-11 15:04:41,871 - root - INFO - FPS_show: 30.04
