2024-07-21 22:14:01,918 - WARNING - Queue is empty in show_frame
2024-07-21 22:14:01,980 - WARNING - Queue is empty in show_frame
2024-07-21 22:14:02,041 - WARNING - Queue is empty in show_frame
2024-07-21 22:14:02,103 - WARNING - Queue is empty in show_frame
2024-07-21 22:14:02,166 - WARNING - Queue is empty in show_frame
2024-07-21 22:14:02,229 - WARNING - Queue is empty in show_frame
2024-07-21 22:14:02,292 - WARNING - Queue is empty in show_frame
2024-07-21 22:14:02,352 - WARNING - Queue is empty in show_frame
2024-07-21 22:14:02,413 - WARNING - Queue is empty in show_frame
2024-07-21 22:14:02,474 - WARNING - Queue is empty in show_frame
2024-07-21 22:14:02,535 - WARNING - Queue is empty in show_frame
2024-07-21 22:14:02,595 - WARNING - Queue is empty in show_frame
2024-07-21 22:14:02,658 - WARNING - Queue is empty in show_frame
2024-07-21 22:14:02,719 - WARNING - Queue is empty in show_frame
2024-07-21 22:14:02,781 - WARNING - Queue is empty in show_frame
2024-07-21 22:14:02,844 - WARNING - Queue is empty in show_frame
2024-07-21 22:14:02,907 - WARNING - Queue is empty in show_frame
2024-07-21 22:14:02,971 - WARNING - Queue is empty in show_frame
2024-07-21 22:14:03,034 - WARNING - Queue is empty in show_frame
2024-07-21 22:14:03,096 - WARNING - Queue is empty in show_frame
2024-07-21 22:14:03,158 - WARNING - Queue is empty in show_frame
2024-07-21 22:14:03,219 - WARNING - Queue is empty in show_frame
2024-07-21 22:14:03,282 - WARNING - Queue is empty in show_frame
2024-07-21 22:14:03,345 - WARNING - Queue is empty in show_frame
2024-07-21 22:14:03,407 - WARNING - Queue is empty in show_frame
2024-07-21 22:14:03,471 - WARNING - Queue is empty in show_frame
2024-07-21 22:14:03,532 - WARNING - Queue is empty in show_frame
2024-07-21 22:14:03,595 - WARNING - Queue is empty in show_frame
2024-07-21 22:14:03,658 - WARNING - Queue is empty in show_frame
2024-07-21 22:14:03,720 - WARNING - Queue is empty in show_frame
2024-07-21 22:14:03,784 - WARNING - Queue is empty in show_frame
2024-07-21 22:14:03,847 - WARNING - Queue is empty in show_frame
2024-07-21 22:14:03,910 - WARNING - Queue is empty in show_frame
2024-07-21 22:14:03,972 - WARNING - Queue is empty in show_frame
2024-07-21 22:14:04,033 - WARNING - Queue is empty in show_frame
2024-07-21 22:14:04,095 - WARNING - Queue is empty in show_frame
2024-07-21 22:14:04,156 - WARNING - Queue is empty in show_frame
2024-07-21 22:14:04,219 - WARNING - Queue is empty in show_frame
2024-07-21 22:14:04,281 - WARNING - Queue is empty in show_frame
2024-07-21 22:14:04,344 - WARNING - Queue is empty in show_frame
2024-07-21 22:14:04,407 - WARNING - Queue is empty in show_frame
2024-07-21 22:14:04,468 - WARNING - Queue is empty in show_frame
2024-07-21 22:14:04,529 - WARNING - Queue is empty in show_frame
2024-07-21 22:14:04,592 - WARNING - Queue is empty in show_frame
2024-07-21 22:14:04,654 - WARNING - Queue is empty in show_frame
2024-07-21 22:14:04,716 - WARNING - Queue is empty in show_frame
2024-07-21 22:14:04,779 - WARNING - Queue is empty in show_frame
2024-07-21 22:14:04,843 - WARNING - Queue is empty in show_frame
2024-07-21 22:14:04,906 - WARNING - Queue is empty in show_frame
2024-07-21 22:14:04,911 - INFO - action0 is running
2024-07-21 22:14:04,911 - INFO - action_idx: 0, flag_handedness: 0, fma: [[0, 0], [0, 0], [0, 0], [0, 0], [0, 0], [0, 0], [0, 0], [0, 0], [0, 0], [0, 0], [0, 0], [0, 0], [0, 0], [0, 0], [0, 0], [0, 0], [0, 0]], num_sides_finished: 0, num_side_count: 0, move_start_time: [[0, 0], [0, 0], [0, 0], [0, 0], [0, 0], [0, 0], [0, 0], [0, 0], [0, 0], [0, 0], [0, 0], [0, 0], [0, 0], [0, 0], [0, 0], [0, 0], [0, 0]],dis: [[10000, 10000], [10000, 10000], [10000, 10000], [10000, 10000], [10000, 10000], [10000, 10000], [10000, 10000], [10000, 10000], [10000, 10000], [10000, 10000], [10000, 10000], [10000, 10000], [10000, 10000], [10000, 10000], [10000, 10000], [10000, 10000], [10000, 10000]]
2024-07-21 22:14:04,912 - INFO - FPS_interface: 0.67
2024-07-21 22:14:04,952 - INFO - FPS_cap: 48.79
2024-07-21 22:14:04,952 - INFO - action0 is running
2024-07-21 22:14:04,952 - INFO - action_idx: 0, flag_handedness: 0, fma: [[0, 0], [0, 0], [0, 0], [0, 0], [0, 0], [0, 0], [0, 0], [0, 0], [0, 0], [0, 0], [0, 0], [0, 0], [0, 0], [0, 0], [0, 0], [0, 0], [0, 0]], num_sides_finished: 0, num_side_count: 0, move_start_time: [[0, 0], [0, 0], [0, 0], [0, 0], [0, 0], [0, 0], [0, 0], [0, 0], [0, 0], [0, 0], [0, 0], [0, 0], [0, 0], [0, 0], [0, 0], [0, 0], [0, 0]],dis: [[10000, 10000], [10000, 10000], [10000, 10000], [10000, 10000], [10000, 10000], [10000, 10000], [10000, 10000], [10000, 10000], [10000, 10000], [10000, 10000], [10000, 10000], [10000, 10000], [10000, 10000], [10000, 10000], [10000, 10000], [10000, 10000], [10000, 10000]]
2024-07-21 22:14:04,953 - INFO - FPS_interface: 0.99
2024-07-21 22:14:04,999 - INFO - FPS_cap: 34.48
2024-07-21 22:14:04,999 - INFO - action0 is running
2024-07-21 22:14:05,000 - INFO - action_idx: 0, flag_handedness: 0, fma: [[0, 0], [0, 0], [0, 0], [0, 0], [0, 0], [0, 0], [0, 0], [0, 0], [0, 0], [0, 0], [0, 0], [0, 0], [0, 0], [0, 0], [0, 0], [0, 0], [0, 0]], num_sides_finished: 0, num_side_count: 0, move_start_time: [[0, 0], [0, 0], [0, 0], [0, 0], [0, 0], [0, 0], [0, 0], [0, 0], [0, 0], [0, 0], [0, 0], [0, 0], [0, 0], [0, 0], [0, 0], [0, 0], [0, 0]],dis: [[10000, 10000], [10000, 10000], [10000, 10000], [10000, 10000], [10000, 10000], [10000, 10000], [10000, 10000], [10000, 10000], [10000, 10000], [10000, 10000], [10000, 10000], [10000, 10000], [10000, 10000], [10000, 10000], [10000, 10000], [10000, 10000], [10000, 10000]]
2024-07-21 22:14:05,000 - INFO - FPS_interface: 1.30
2024-07-21 22:14:05,049 - INFO - FPS_show: 1210.65
2024-07-21 22:14:05,051 - INFO - FPS_cap: 28.53
2024-07-21 22:14:05,051 - INFO - action0 is running
2024-07-21 22:14:05,051 - INFO - action_idx: 0, flag_handedness: 0, fma: [[0, 0], [0, 0], [0, 0], [0, 0], [0, 0], [0, 0], [0, 0], [0, 0], [0, 0], [0, 0], [0, 0], [0, 0], [0, 0], [0, 0], [0, 0], [0, 0], [0, 0]], num_sides_finished: 0, num_side_count: 0, move_start_time: [[0, 0], [0, 0], [0, 0], [0, 0], [0, 0], [0, 0], [0, 0], [0, 0], [0, 0], [0, 0], [0, 0], [0, 0], [0, 0], [0, 0], [0, 0], [0, 0], [0, 0]],dis: [[10000, 10000], [10000, 10000], [10000, 10000], [10000, 10000], [10000, 10000], [10000, 10000], [10000, 10000], [10000, 10000], [10000, 10000], [10000, 10000], [10000, 10000], [10000, 10000], [10000, 10000], [10000, 10000], [10000, 10000], [10000, 10000], [10000, 10000]]
2024-07-21 22:14:05,052 - INFO - FPS_interface: 1.60
2024-07-21 22:14:05,064 - INFO - FPS_show: 180.10
2024-07-21 22:14:05,069 - INFO - FPS_show: 184.70
2024-07-21 22:14:05,069 - WARNING - Queue is empty in show_frame
2024-07-21 22:14:05,103 - INFO - FPS_cap: 26.02
2024-07-21 22:14:05,103 - INFO - action0 is running
2024-07-21 22:14:05,104 - INFO - action_idx: 0, flag_handedness: 0, fma: [[0, 0], [0, 0], [0, 0], [0, 0], [0, 0], [0, 0], [0, 0], [0, 0], [0, 0], [0, 0], [0, 0], [0, 0], [0, 0], [0, 0], [0, 0], [0, 0], [0, 0]], num_sides_finished: 0, num_side_count: 0, move_start_time: [[0, 0], [0, 0], [0, 0], [0, 0], [0, 0], [0, 0], [0, 0], [0, 0], [0, 0], [0, 0], [0, 0], [0, 0], [0, 0], [0, 0], [0, 0], [0, 0], [0, 0]],dis: [[10000, 10000], [10000, 10000], [10000, 10000], [10000, 10000], [10000, 10000], [10000, 10000], [10000, 10000], [10000, 10000], [10000, 10000], [10000, 10000], [10000, 10000], [10000, 10000], [10000, 10000], [10000, 10000], [10000, 10000], [10000, 10000], [10000, 10000]]
2024-07-21 22:14:05,105 - INFO - FPS_interface: 1.89
2024-07-21 22:14:05,130 - INFO - FPS_show: 60.49
2024-07-21 22:14:05,130 - WARNING - Queue is empty in show_frame
2024-07-21 22:14:05,150 - INFO - FPS_cap: 25.08
2024-07-21 22:14:05,150 - INFO - action0 is running
2024-07-21 22:14:05,150 - INFO - action_idx: 0, flag_handedness: 0, fma: [[0, 0], [0, 0], [0, 0], [0, 0], [0, 0], [0, 0], [0, 0], [0, 0], [0, 0], [0, 0], [0, 0], [0, 0], [0, 0], [0, 0], [0, 0], [0, 0], [0, 0]], num_sides_finished: 0, num_side_count: 0, move_start_time: [[0, 0], [0, 0], [0, 0], [0, 0], [0, 0], [0, 0], [0, 0], [0, 0], [0, 0], [0, 0], [0, 0], [0, 0], [0, 0], [0, 0], [0, 0], [0, 0], [0, 0]],dis: [[10000, 10000], [10000, 10000], [10000, 10000], [10000, 10000], [10000, 10000], [10000, 10000], [10000, 10000], [10000, 10000], [10000, 10000], [10000, 10000], [10000, 10000], [10000, 10000], [10000, 10000], [10000, 10000], [10000, 10000], [10000, 10000], [10000, 10000]]
2024-07-21 22:14:05,151 - INFO - FPS_interface: 2.17
2024-07-21 22:14:05,185 - INFO - FPS_cap: 25.56
2024-07-21 22:14:05,185 - INFO - action0 is running
2024-07-21 22:14:05,186 - INFO - action_idx: 0, flag_handedness: 0, fma: [[0, 0], [0, 0], [0, 0], [0, 0], [0, 0], [0, 0], [0, 0], [0, 0], [0, 0], [0, 0], [0, 0], [0, 0], [0, 0], [0, 0], [0, 0], [0, 0], [0, 0]], num_sides_finished: 0, num_side_count: 0, move_start_time: [[0, 0], [0, 0], [0, 0], [0, 0], [0, 0], [0, 0], [0, 0], [0, 0], [0, 0], [0, 0], [0, 0], [0, 0], [0, 0], [0, 0], [0, 0], [0, 0], [0, 0]],dis: [[10000, 10000], [10000, 10000], [10000, 10000], [10000, 10000], [10000, 10000], [10000, 10000], [10000, 10000], [10000, 10000], [10000, 10000], [10000, 10000], [10000, 10000], [10000, 10000], [10000, 10000], [10000, 10000], [10000, 10000], [10000, 10000], [10000, 10000]]
2024-07-21 22:14:05,186 - INFO - FPS_interface: 2.46
2024-07-21 22:14:05,206 - INFO - FPS_show: 37.89
2024-07-21 22:14:05,221 - INFO - FPS_show: 40.38
2024-07-21 22:14:05,221 - WARNING - Queue is empty in show_frame
2024-07-21 22:14:05,230 - INFO - FPS_cap: 25.07
2024-07-21 22:14:05,230 - INFO - action0 is running
2024-07-21 22:14:05,230 - INFO - action_idx: 0, flag_handedness: 0, fma: [[0, 0], [0, 0], [0, 0], [0, 0], [0, 0], [0, 0], [0, 0], [0, 0], [0, 0], [0, 0], [0, 0], [0, 0], [0, 0], [0, 0], [0, 0], [0, 0], [0, 0]], num_sides_finished: 0, num_side_count: 0, move_start_time: [[0, 0], [0, 0], [0, 0], [0, 0], [0, 0], [0, 0], [0, 0], [0, 0], [0, 0], [0, 0], [0, 0], [0, 0], [0, 0], [0, 0], [0, 0], [0, 0], [0, 0]],dis: [[10000, 10000], [10000, 10000], [10000, 10000], [10000, 10000], [10000, 10000], [10000, 10000], [10000, 10000], [10000, 10000], [10000, 10000], [10000, 10000], [10000, 10000], [10000, 10000], [10000, 10000], [10000, 10000], [10000, 10000], [10000, 10000], [10000, 10000]]
2024-07-21 22:14:05,231 - INFO - FPS_interface: 2.73
2024-07-21 22:14:05,284 - INFO - FPS_cap: 24.12
2024-07-21 22:14:05,285 - INFO - action0 is running
2024-07-21 22:14:05,285 - INFO - action_idx: 0, flag_handedness: 0, fma: [[0, 0], [0, 0], [0, 0], [0, 0], [0, 0], [0, 0], [0, 0], [0, 0], [0, 0], [0, 0], [0, 0], [0, 0], [0, 0], [0, 0], [0, 0], [0, 0], [0, 0]], num_sides_finished: 0, num_side_count: 0, move_start_time: [[0, 0], [0, 0], [0, 0], [0, 0], [0, 0], [0, 0], [0, 0], [0, 0], [0, 0], [0, 0], [0, 0], [0, 0], [0, 0], [0, 0], [0, 0], [0, 0], [0, 0]],dis: [[10000, 10000], [10000, 10000], [10000, 10000], [10000, 10000], [10000, 10000], [10000, 10000], [10000, 10000], [10000, 10000], [10000, 10000], [10000, 10000], [10000, 10000], [10000, 10000], [10000, 10000], [10000, 10000], [10000, 10000], [10000, 10000], [10000, 10000]]
2024-07-21 22:14:05,286 - INFO - FPS_interface: 2.98
2024-07-21 22:14:05,298 - INFO - FPS_show: 31.98
2024-07-21 22:14:05,300 - INFO - FPS_show: 35.70
2024-07-21 22:14:05,300 - WARNING - Queue is empty in show_frame
2024-07-21 22:14:05,330 - INFO - FPS_cap: 23.89
2024-07-21 22:14:05,330 - INFO - action0 is running
2024-07-21 22:14:05,331 - INFO - action_idx: 0, flag_handedness: 0, fma: [[0, 0], [0, 0], [0, 0], [0, 0], [0, 0], [0, 0], [0, 0], [0, 0], [0, 0], [0, 0], [0, 0], [0, 0], [0, 0], [0, 0], [0, 0], [0, 0], [0, 0]], num_sides_finished: 0, num_side_count: 0, move_start_time: [[0, 0], [0, 0], [0, 0], [0, 0], [0, 0], [0, 0], [0, 0], [0, 0], [0, 0], [0, 0], [0, 0], [0, 0], [0, 0], [0, 0], [0, 0], [0, 0], [0, 0]],dis: [[10000, 10000], [10000, 10000], [10000, 10000], [10000, 10000], [10000, 10000], [10000, 10000], [10000, 10000], [10000, 10000], [10000, 10000], [10000, 10000], [10000, 10000], [10000, 10000], [10000, 10000], [10000, 10000], [10000, 10000], [10000, 10000], [10000, 10000]]
2024-07-21 22:14:05,332 - INFO - FPS_interface: 3.23
2024-07-21 22:14:05,375 - INFO - FPS_cap: 23.72
2024-07-21 22:14:05,376 - INFO - action0 is running
2024-07-21 22:14:05,376 - INFO - action_idx: 0, flag_handedness: 0, fma: [[0, 0], [0, 0], [0, 0], [0, 0], [0, 0], [0, 0], [0, 0], [0, 0], [0, 0], [0, 0], [0, 0], [0, 0], [0, 0], [0, 0], [0, 0], [0, 0], [0, 0]], num_sides_finished: 0, num_side_count: 0, move_start_time: [[0, 0], [0, 0], [0, 0], [0, 0], [0, 0], [0, 0], [0, 0], [0, 0], [0, 0], [0, 0], [0, 0], [0, 0], [0, 0], [0, 0], [0, 0], [0, 0], [0, 0]],dis: [[10000, 10000], [10000, 10000], [10000, 10000], [10000, 10000], [10000, 10000], [10000, 10000], [10000, 10000], [10000, 10000], [10000, 10000], [10000, 10000], [10000, 10000], [10000, 10000], [10000, 10000], [10000, 10000], [10000, 10000], [10000, 10000], [10000, 10000]]
2024-07-21 22:14:05,376 - INFO - FPS_interface: 3.48
2024-07-21 22:14:05,378 - INFO - FPS_show: 30.29
2024-07-21 22:14:05,394 - INFO - FPS_show: 31.78
2024-07-21 22:14:05,394 - WARNING - Queue is empty in show_frame
2024-07-21 22:14:05,416 - INFO - FPS_cap: 23.78
2024-07-21 22:14:05,416 - INFO - action0 is running
2024-07-21 22:14:05,417 - INFO - action_idx: 0, flag_handedness: 0, fma: [[0, 0], [0, 0], [0, 0], [0, 0], [0, 0], [0, 0], [0, 0], [0, 0], [0, 0], [0, 0], [0, 0], [0, 0], [0, 0], [0, 0], [0, 0], [0, 0], [0, 0]], num_sides_finished: 0, num_side_count: 0, move_start_time: [[0, 0], [0, 0], [0, 0], [0, 0], [0, 0], [0, 0], [0, 0], [0, 0], [0, 0], [0, 0], [0, 0], [0, 0], [0, 0], [0, 0], [0, 0], [0, 0], [0, 0]],dis: [[10000, 10000], [10000, 10000], [10000, 10000], [10000, 10000], [10000, 10000], [10000, 10000], [10000, 10000], [10000, 10000], [10000, 10000], [10000, 10000], [10000, 10000], [10000, 10000], [10000, 10000], [10000, 10000], [10000, 10000], [10000, 10000], [10000, 10000]]
2024-07-21 22:14:05,417 - INFO - FPS_interface: 3.73
2024-07-21 22:14:05,457 - INFO - FPS_cap: 23.87
2024-07-21 22:14:05,457 - INFO - action0 is running
2024-07-21 22:14:05,457 - INFO - action_idx: 0, flag_handedness: 0, fma: [[0, 0], [0, 0], [0, 0], [0, 0], [0, 0], [0, 0], [0, 0], [0, 0], [0, 0], [0, 0], [0, 0], [0, 0], [0, 0], [0, 0], [0, 0], [0, 0], [0, 0]], num_sides_finished: 0, num_side_count: 0, move_start_time: [[0, 0], [0, 0], [0, 0], [0, 0], [0, 0], [0, 0], [0, 0], [0, 0], [0, 0], [0, 0], [0, 0], [0, 0], [0, 0], [0, 0], [0, 0], [0, 0], [0, 0]],dis: [[10000, 10000], [10000, 10000], [10000, 10000], [10000, 10000], [10000, 10000], [10000, 10000], [10000, 10000], [10000, 10000], [10000, 10000], [10000, 10000], [10000, 10000], [10000, 10000], [10000, 10000], [10000, 10000], [10000, 10000], [10000, 10000], [10000, 10000]]
2024-07-21 22:14:05,458 - INFO - FPS_interface: 3.97
2024-07-21 22:14:05,474 - INFO - FPS_show: 28.16
2024-07-21 22:14:05,490 - INFO - FPS_show: 29.40
2024-07-21 22:14:05,490 - WARNING - Queue is empty in show_frame
2024-07-21 22:14:05,497 - INFO - FPS_cap: 23.88
2024-07-21 22:14:05,497 - INFO - action0 is running
2024-07-21 22:14:05,497 - INFO - action_idx: 0, flag_handedness: 0, fma: [[0, 0], [0, 0], [0, 0], [0, 0], [0, 0], [0, 0], [0, 0], [0, 0], [0, 0], [0, 0], [0, 0], [0, 0], [0, 0], [0, 0], [0, 0], [0, 0], [0, 0]], num_sides_finished: 0, num_side_count: 0, move_start_time: [[0, 0], [0, 0], [0, 0], [0, 0], [0, 0], [0, 0], [0, 0], [0, 0], [0, 0], [0, 0], [0, 0], [0, 0], [0, 0], [0, 0], [0, 0], [0, 0], [0, 0]],dis: [[10000, 10000], [10000, 10000], [10000, 10000], [10000, 10000], [10000, 10000], [10000, 10000], [10000, 10000], [10000, 10000], [10000, 10000], [10000, 10000], [10000, 10000], [10000, 10000], [10000, 10000], [10000, 10000], [10000, 10000], [10000, 10000], [10000, 10000]]
2024-07-21 22:14:05,498 - INFO - FPS_interface: 4.20
2024-07-21 22:14:05,543 - INFO - FPS_cap: 23.72
2024-07-21 22:14:05,543 - INFO - action0 is running
2024-07-21 22:14:05,544 - INFO - action_idx: 0, flag_handedness: 0, fma: [[0, 0], [0, 0], [0, 0], [0, 0], [0, 0], [0, 0], [0, 0], [0, 0], [0, 0], [0, 0], [0, 0], [0, 0], [0, 0], [0, 0], [0, 0], [0, 0], [0, 0]], num_sides_finished: 0, num_side_count: 0, move_start_time: [[0, 0], [0, 0], [0, 0], [0, 0], [0, 0], [0, 0], [0, 0], [0, 0], [0, 0], [0, 0], [0, 0], [0, 0], [0, 0], [0, 0], [0, 0], [0, 0], [0, 0]],dis: [[10000, 10000], [10000, 10000], [10000, 10000], [10000, 10000], [10000, 10000], [10000, 10000], [10000, 10000], [10000, 10000], [10000, 10000], [10000, 10000], [10000, 10000], [10000, 10000], [10000, 10000], [10000, 10000], [10000, 10000], [10000, 10000], [10000, 10000]]
2024-07-21 22:14:05,545 - INFO - FPS_interface: 4.43
2024-07-21 22:14:05,554 - INFO - FPS_show: 27.63
2024-07-21 22:14:05,568 - INFO - FPS_show: 28.84
2024-07-21 22:14:05,568 - WARNING - Queue is empty in show_frame
2024-07-21 22:14:05,590 - INFO - FPS_cap: 23.61
2024-07-21 22:14:05,590 - INFO - action0 is running
2024-07-21 22:14:05,590 - INFO - action_idx: 0, flag_handedness: 0, fma: [[0, 0], [0, 0], [0, 0], [0, 0], [0, 0], [0, 0], [0, 0], [0, 0], [0, 0], [0, 0], [0, 0], [0, 0], [0, 0], [0, 0], [0, 0], [0, 0], [0, 0]], num_sides_finished: 0, num_side_count: 0, move_start_time: [[0, 0], [0, 0], [0, 0], [0, 0], [0, 0], [0, 0], [0, 0], [0, 0], [0, 0], [0, 0], [0, 0], [0, 0], [0, 0], [0, 0], [0, 0], [0, 0], [0, 0]],dis: [[10000, 10000], [10000, 10000], [10000, 10000], [10000, 10000], [10000, 10000], [10000, 10000], [10000, 10000], [10000, 10000], [10000, 10000], [10000, 10000], [10000, 10000], [10000, 10000], [10000, 10000], [10000, 10000], [10000, 10000], [10000, 10000], [10000, 10000]]
2024-07-21 22:14:05,591 - INFO - FPS_interface: 4.65
2024-07-21 22:14:05,631 - INFO - FPS_cap: 23.63
2024-07-21 22:14:05,631 - INFO - action0 is running
2024-07-21 22:14:05,632 - INFO - action_idx: 0, flag_handedness: 0, fma: [[0, 0], [0, 0], [0, 0], [0, 0], [0, 0], [0, 0], [0, 0], [0, 0], [0, 0], [0, 0], [0, 0], [0, 0], [0, 0], [0, 0], [0, 0], [0, 0], [0, 0]], num_sides_finished: 0, num_side_count: 0, move_start_time: [[0, 0], [0, 0], [0, 0], [0, 0], [0, 0], [0, 0], [0, 0], [0, 0], [0, 0], [0, 0], [0, 0], [0, 0], [0, 0], [0, 0], [0, 0], [0, 0], [0, 0]],dis: [[10000, 10000], [10000, 10000], [10000, 10000], [10000, 10000], [10000, 10000], [10000, 10000], [10000, 10000], [10000, 10000], [10000, 10000], [10000, 10000], [10000, 10000], [10000, 10000], [10000, 10000], [10000, 10000], [10000, 10000], [10000, 10000], [10000, 10000]]
2024-07-21 22:14:05,632 - INFO - FPS_interface: 4.86
2024-07-21 22:14:05,648 - INFO - FPS_show: 26.66
2024-07-21 22:14:05,650 - INFO - FPS_show: 28.24
2024-07-21 22:14:05,650 - WARNING - Queue is empty in show_frame
2024-07-21 22:14:05,673 - INFO - FPS_cap: 23.64
2024-07-21 22:14:05,673 - INFO - action0 is running
2024-07-21 22:14:05,674 - INFO - action_idx: 0, flag_handedness: 0, fma: [[0, 0], [0, 0], [0, 0], [0, 0], [0, 0], [0, 0], [0, 0], [0, 0], [0, 0], [0, 0], [0, 0], [0, 0], [0, 0], [0, 0], [0, 0], [0, 0], [0, 0]], num_sides_finished: 0, num_side_count: 0, move_start_time: [[0, 0], [0, 0], [0, 0], [0, 0], [0, 0], [0, 0], [0, 0], [0, 0], [0, 0], [0, 0], [0, 0], [0, 0], [0, 0], [0, 0], [0, 0], [0, 0], [0, 0]],dis: [[10000, 10000], [10000, 10000], [10000, 10000], [10000, 10000], [10000, 10000], [10000, 10000], [10000, 10000], [10000, 10000], [10000, 10000], [10000, 10000], [10000, 10000], [10000, 10000], [10000, 10000], [10000, 10000], [10000, 10000], [10000, 10000], [10000, 10000]]
2024-07-21 22:14:05,674 - INFO - FPS_interface: 5.08
2024-07-21 22:14:05,713 - INFO - FPS_cap: 23.70
2024-07-21 22:14:05,713 - INFO - action0 is running
2024-07-21 22:14:05,714 - INFO - action_idx: 0, flag_handedness: 0, fma: [[0, 0], [0, 0], [0, 0], [0, 0], [0, 0], [0, 0], [0, 0], [0, 0], [0, 0], [0, 0], [0, 0], [0, 0], [0, 0], [0, 0], [0, 0], [0, 0], [0, 0]], num_sides_finished: 0, num_side_count: 0, move_start_time: [[0, 0], [0, 0], [0, 0], [0, 0], [0, 0], [0, 0], [0, 0], [0, 0], [0, 0], [0, 0], [0, 0], [0, 0], [0, 0], [0, 0], [0, 0], [0, 0], [0, 0]],dis: [[10000, 10000], [10000, 10000], [10000, 10000], [10000, 10000], [10000, 10000], [10000, 10000], [10000, 10000], [10000, 10000], [10000, 10000], [10000, 10000], [10000, 10000], [10000, 10000], [10000, 10000], [10000, 10000], [10000, 10000], [10000, 10000], [10000, 10000]]
2024-07-21 22:14:05,714 - INFO - FPS_interface: 5.29
2024-07-21 22:14:05,727 - INFO - FPS_show: 26.51
2024-07-21 22:14:05,743 - INFO - FPS_show: 27.34
2024-07-21 22:14:05,743 - WARNING - Queue is empty in show_frame
2024-07-21 22:14:05,753 - INFO - FPS_cap: 23.77
2024-07-21 22:14:05,753 - INFO - action0 is running
2024-07-21 22:14:05,754 - INFO - action_idx: 0, flag_handedness: 0, fma: [[0, 0], [0, 0], [0, 0], [0, 0], [0, 0], [0, 0], [0, 0], [0, 0], [0, 0], [0, 0], [0, 0], [0, 0], [0, 0], [0, 0], [0, 0], [0, 0], [0, 0]], num_sides_finished: 0, num_side_count: 0, move_start_time: [[0, 0], [0, 0], [0, 0], [0, 0], [0, 0], [0, 0], [0, 0], [0, 0], [0, 0], [0, 0], [0, 0], [0, 0], [0, 0], [0, 0], [0, 0], [0, 0], [0, 0]],dis: [[10000, 10000], [10000, 10000], [10000, 10000], [10000, 10000], [10000, 10000], [10000, 10000], [10000, 10000], [10000, 10000], [10000, 10000], [10000, 10000], [10000, 10000], [10000, 10000], [10000, 10000], [10000, 10000], [10000, 10000], [10000, 10000], [10000, 10000]]
2024-07-21 22:14:05,754 - INFO - FPS_interface: 5.49
2024-07-21 22:14:05,802 - INFO - FPS_cap: 23.58
2024-07-21 22:14:05,802 - INFO - action0 is running
2024-07-21 22:14:05,803 - INFO - action_idx: 0, flag_handedness: 0, fma: [[0, 0], [0, 0], [0, 0], [0, 0], [0, 0], [0, 0], [0, 0], [0, 0], [0, 0], [0, 0], [0, 0], [0, 0], [0, 0], [0, 0], [0, 0], [0, 0], [0, 0]], num_sides_finished: 0, num_side_count: 0, move_start_time: [[0, 0], [0, 0], [0, 0], [0, 0], [0, 0], [0, 0], [0, 0], [0, 0], [0, 0], [0, 0], [0, 0], [0, 0], [0, 0], [0, 0], [0, 0], [0, 0], [0, 0]],dis: [[10000, 10000], [10000, 10000], [10000, 10000], [10000, 10000], [10000, 10000], [10000, 10000], [10000, 10000], [10000, 10000], [10000, 10000], [10000, 10000], [10000, 10000], [10000, 10000], [10000, 10000], [10000, 10000], [10000, 10000], [10000, 10000], [10000, 10000]]
2024-07-21 22:14:05,803 - INFO - FPS_interface: 5.68
2024-07-21 22:14:05,821 - INFO - FPS_show: 25.87
2024-07-21 22:14:05,837 - INFO - FPS_show: 26.61
2024-07-21 22:14:05,837 - WARNING - Queue is empty in show_frame
2024-07-21 22:14:05,846 - INFO - FPS_cap: 23.54
2024-07-21 22:14:05,846 - INFO - action0 is running
2024-07-21 22:14:05,847 - INFO - action_idx: 0, flag_handedness: 0, fma: [[0, 0], [0, 0], [0, 0], [0, 0], [0, 0], [0, 0], [0, 0], [0, 0], [0, 0], [0, 0], [0, 0], [0, 0], [0, 0], [0, 0], [0, 0], [0, 0], [0, 0]], num_sides_finished: 0, num_side_count: 0, move_start_time: [[0, 0], [0, 0], [0, 0], [0, 0], [0, 0], [0, 0], [0, 0], [0, 0], [0, 0], [0, 0], [0, 0], [0, 0], [0, 0], [0, 0], [0, 0], [0, 0], [0, 0]],dis: [[10000, 10000], [10000, 10000], [10000, 10000], [10000, 10000], [10000, 10000], [10000, 10000], [10000, 10000], [10000, 10000], [10000, 10000], [10000, 10000], [10000, 10000], [10000, 10000], [10000, 10000], [10000, 10000], [10000, 10000], [10000, 10000], [10000, 10000]]
2024-07-21 22:14:05,847 - INFO - FPS_interface: 5.87
2024-07-21 22:14:05,885 - INFO - FPS_cap: 23.62
2024-07-21 22:14:05,885 - INFO - action0 is running
2024-07-21 22:14:05,886 - INFO - action_idx: 0, flag_handedness: 0, fma: [[0, 0], [0, 0], [0, 0], [0, 0], [0, 0], [0, 0], [0, 0], [0, 0], [0, 0], [0, 0], [0, 0], [0, 0], [0, 0], [0, 0], [0, 0], [0, 0], [0, 0]], num_sides_finished: 0, num_side_count: 0, move_start_time: [[0, 0], [0, 0], [0, 0], [0, 0], [0, 0], [0, 0], [0, 0], [0, 0], [0, 0], [0, 0], [0, 0], [0, 0], [0, 0], [0, 0], [0, 0], [0, 0], [0, 0]],dis: [[10000, 10000], [10000, 10000], [10000, 10000], [10000, 10000], [10000, 10000], [10000, 10000], [10000, 10000], [10000, 10000], [10000, 10000], [10000, 10000], [10000, 10000], [10000, 10000], [10000, 10000], [10000, 10000], [10000, 10000], [10000, 10000], [10000, 10000]]
2024-07-21 22:14:05,886 - INFO - FPS_interface: 6.07
2024-07-21 22:14:05,917 - INFO - FPS_show: 25.31
2024-07-21 22:14:05,926 - INFO - FPS_cap: 23.65
2024-07-21 22:14:05,926 - INFO - action0 is running
2024-07-21 22:14:05,927 - INFO - action_idx: 0, flag_handedness: 0, fma: [[0, 0], [0, 0], [0, 0], [0, 0], [0, 0], [0, 0], [0, 0], [0, 0], [0, 0], [0, 0], [0, 0], [0, 0], [0, 0], [0, 0], [0, 0], [0, 0], [0, 0]], num_sides_finished: 0, num_side_count: 0, move_start_time: [[0, 0], [0, 0], [0, 0], [0, 0], [0, 0], [0, 0], [0, 0], [0, 0], [0, 0], [0, 0], [0, 0], [0, 0], [0, 0], [0, 0], [0, 0], [0, 0], [0, 0]],dis: [[10000, 10000], [10000, 10000], [10000, 10000], [10000, 10000], [10000, 10000], [10000, 10000], [10000, 10000], [10000, 10000], [10000, 10000], [10000, 10000], [10000, 10000], [10000, 10000], [10000, 10000], [10000, 10000], [10000, 10000], [10000, 10000], [10000, 10000]]
2024-07-21 22:14:05,927 - INFO - FPS_interface: 6.26
2024-07-21 22:14:05,933 - INFO - FPS_show: 25.98
2024-07-21 22:14:05,949 - INFO - FPS_show: 26.63
2024-07-21 22:14:05,949 - WARNING - Queue is empty in show_frame
2024-07-21 22:14:05,967 - INFO - FPS_cap: 23.68
2024-07-21 22:14:05,967 - INFO - action0 is running
2024-07-21 22:14:05,967 - INFO - action_idx: 0, flag_handedness: 0, fma: [[0, 0], [0, 0], [0, 0], [0, 0], [0, 0], [0, 0], [0, 0], [0, 0], [0, 0], [0, 0], [0, 0], [0, 0], [0, 0], [0, 0], [0, 0], [0, 0], [0, 0]], num_sides_finished: 0, num_side_count: 0, move_start_time: [[0, 0], [0, 0], [0, 0], [0, 0], [0, 0], [0, 0], [0, 0], [0, 0], [0, 0], [0, 0], [0, 0], [0, 0], [0, 0], [0, 0], [0, 0], [0, 0], [0, 0]],dis: [[10000, 10000], [10000, 10000], [10000, 10000], [10000, 10000], [10000, 10000], [10000, 10000], [10000, 10000], [10000, 10000], [10000, 10000], [10000, 10000], [10000, 10000], [10000, 10000], [10000, 10000], [10000, 10000], [10000, 10000], [10000, 10000], [10000, 10000]]
2024-07-21 22:14:05,968 - INFO - FPS_interface: 6.44
2024-07-21 22:14:06,015 - INFO - FPS_cap: 23.56
2024-07-21 22:14:06,016 - INFO - action0 is running
2024-07-21 22:14:06,016 - INFO - action_idx: 0, flag_handedness: 0, fma: [[0, 0], [0, 0], [0, 0], [0, 0], [0, 0], [0, 0], [0, 0], [0, 0], [0, 0], [0, 0], [0, 0], [0, 0], [0, 0], [0, 0], [0, 0], [0, 0], [0, 0]], num_sides_finished: 0, num_side_count: 0, move_start_time: [[0, 0], [0, 0], [0, 0], [0, 0], [0, 0], [0, 0], [0, 0], [0, 0], [0, 0], [0, 0], [0, 0], [0, 0], [0, 0], [0, 0], [0, 0], [0, 0], [0, 0]],dis: [[10000, 10000], [10000, 10000], [10000, 10000], [10000, 10000], [10000, 10000], [10000, 10000], [10000, 10000], [10000, 10000], [10000, 10000], [10000, 10000], [10000, 10000], [10000, 10000], [10000, 10000], [10000, 10000], [10000, 10000], [10000, 10000], [10000, 10000]]
2024-07-21 22:14:06,017 - INFO - FPS_interface: 6.61
2024-07-21 22:14:06,028 - INFO - FPS_show: 25.51
2024-07-21 22:14:06,030 - INFO - FPS_show: 26.50
2024-07-21 22:14:06,030 - WARNING - Queue is empty in show_frame
2024-07-21 22:14:06,056 - INFO - FPS_cap: 23.59
2024-07-21 22:14:06,057 - INFO - action0 is running
2024-07-21 22:14:06,057 - INFO - action_idx: 0, flag_handedness: 0, fma: [[0, 0], [0, 0], [0, 0], [0, 0], [0, 0], [0, 0], [0, 0], [0, 0], [0, 0], [0, 0], [0, 0], [0, 0], [0, 0], [0, 0], [0, 0], [0, 0], [0, 0]], num_sides_finished: 0, num_side_count: 0, move_start_time: [[0, 0], [0, 0], [0, 0], [0, 0], [0, 0], [0, 0], [0, 0], [0, 0], [0, 0], [0, 0], [0, 0], [0, 0], [0, 0], [0, 0], [0, 0], [0, 0], [0, 0]],dis: [[10000, 10000], [10000, 10000], [10000, 10000], [10000, 10000], [10000, 10000], [10000, 10000], [10000, 10000], [10000, 10000], [10000, 10000], [10000, 10000], [10000, 10000], [10000, 10000], [10000, 10000], [10000, 10000], [10000, 10000], [10000, 10000], [10000, 10000]]
2024-07-21 22:14:06,058 - INFO - FPS_interface: 6.79
2024-07-21 22:14:06,091 - INFO - FPS_show: 25.87
2024-07-21 22:14:06,092 - WARNING - Queue is empty in show_frame
2024-07-21 22:14:06,096 - INFO - FPS_cap: 23.62
2024-07-21 22:14:06,096 - INFO - action0 is running
2024-07-21 22:14:06,097 - INFO - action_idx: 0, flag_handedness: 0, fma: [[0, 0], [0, 0], [0, 0], [0, 0], [0, 0], [0, 0], [0, 0], [0, 0], [0, 0], [0, 0], [0, 0], [0, 0], [0, 0], [0, 0], [0, 0], [0, 0], [0, 0]], num_sides_finished: 0, num_side_count: 0, move_start_time: [[0, 0], [0, 0], [0, 0], [0, 0], [0, 0], [0, 0], [0, 0], [0, 0], [0, 0], [0, 0], [0, 0], [0, 0], [0, 0], [0, 0], [0, 0], [0, 0], [0, 0]],dis: [[10000, 10000], [10000, 10000], [10000, 10000], [10000, 10000], [10000, 10000], [10000, 10000], [10000, 10000], [10000, 10000], [10000, 10000], [10000, 10000], [10000, 10000], [10000, 10000], [10000, 10000], [10000, 10000], [10000, 10000], [10000, 10000], [10000, 10000]]
2024-07-21 22:14:06,097 - INFO - FPS_interface: 6.96
2024-07-21 22:14:06,136 - INFO - FPS_cap: 23.67
2024-07-21 22:14:06,136 - INFO - action0 is running
2024-07-21 22:14:06,136 - INFO - action_idx: 0, flag_handedness: 0, fma: [[0, 0], [0, 0], [0, 0], [0, 0], [0, 0], [0, 0], [0, 0], [0, 0], [0, 0], [0, 0], [0, 0], [0, 0], [0, 0], [0, 0], [0, 0], [0, 0], [0, 0]], num_sides_finished: 0, num_side_count: 0, move_start_time: [[0, 0], [0, 0], [0, 0], [0, 0], [0, 0], [0, 0], [0, 0], [0, 0], [0, 0], [0, 0], [0, 0], [0, 0], [0, 0], [0, 0], [0, 0], [0, 0], [0, 0]],dis: [[10000, 10000], [10000, 10000], [10000, 10000], [10000, 10000], [10000, 10000], [10000, 10000], [10000, 10000], [10000, 10000], [10000, 10000], [10000, 10000], [10000, 10000], [10000, 10000], [10000, 10000], [10000, 10000], [10000, 10000], [10000, 10000], [10000, 10000]]
2024-07-21 22:14:06,139 - INFO - FPS_interface: 7.13
2024-07-21 22:14:06,155 - INFO - FPS_show: 25.27
2024-07-21 22:14:06,173 - INFO - FPS_show: 25.78
2024-07-21 22:14:06,173 - WARNING - Queue is empty in show_frame
2024-07-21 22:14:06,178 - INFO - FPS_cap: 23.69
2024-07-21 22:14:06,178 - INFO - action0 is running
2024-07-21 22:14:06,179 - INFO - action_idx: 0, flag_handedness: 0, fma: [[0, 0], [0, 0], [0, 0], [0, 0], [0, 0], [0, 0], [0, 0], [0, 0], [0, 0], [0, 0], [0, 0], [0, 0], [0, 0], [0, 0], [0, 0], [0, 0], [0, 0]], num_sides_finished: 0, num_side_count: 0, move_start_time: [[0, 0], [0, 0], [0, 0], [0, 0], [0, 0], [0, 0], [0, 0], [0, 0], [0, 0], [0, 0], [0, 0], [0, 0], [0, 0], [0, 0], [0, 0], [0, 0], [0, 0]],dis: [[10000, 10000], [10000, 10000], [10000, 10000], [10000, 10000], [10000, 10000], [10000, 10000], [10000, 10000], [10000, 10000], [10000, 10000], [10000, 10000], [10000, 10000], [10000, 10000], [10000, 10000], [10000, 10000], [10000, 10000], [10000, 10000], [10000, 10000]]
2024-07-21 22:14:06,179 - INFO - FPS_interface: 23.69
2024-07-21 22:14:06,228 - INFO - FPS_cap: 23.52
2024-07-21 22:14:06,229 - INFO - action0 is running
2024-07-21 22:14:06,229 - INFO - action_idx: 0, flag_handedness: 0, fma: [[0, 0], [0, 0], [0, 0], [0, 0], [0, 0], [0, 0], [0, 0], [0, 0], [0, 0], [0, 0], [0, 0], [0, 0], [0, 0], [0, 0], [0, 0], [0, 0], [0, 0]], num_sides_finished: 0, num_side_count: 0, move_start_time: [[0, 0], [0, 0], [0, 0], [0, 0], [0, 0], [0, 0], [0, 0], [0, 0], [0, 0], [0, 0], [0, 0], [0, 0], [0, 0], [0, 0], [0, 0], [0, 0], [0, 0]],dis: [[10000, 10000], [10000, 10000], [10000, 10000], [10000, 10000], [10000, 10000], [10000, 10000], [10000, 10000], [10000, 10000], [10000, 10000], [10000, 10000], [10000, 10000], [10000, 10000], [10000, 10000], [10000, 10000], [10000, 10000], [10000, 10000], [10000, 10000]]
2024-07-21 22:14:06,229 - INFO - FPS_interface: 23.52
2024-07-21 22:14:06,232 - INFO - FPS_show: 25.34
2024-07-21 22:14:06,246 - INFO - FPS_show: 25.08
2024-07-21 22:14:06,246 - WARNING - Queue is empty in show_frame
2024-07-21 22:14:06,276 - INFO - FPS_cap: 23.48
2024-07-21 22:14:06,277 - INFO - action0 is running
2024-07-21 22:14:06,277 - INFO - action_idx: 0, flag_handedness: 0, fma: [[0, 0], [0, 0], [0, 0], [0, 0], [0, 0], [0, 0], [0, 0], [0, 0], [0, 0], [0, 0], [0, 0], [0, 0], [0, 0], [0, 0], [0, 0], [0, 0], [0, 0]], num_sides_finished: 0, num_side_count: 0, move_start_time: [[0, 0], [0, 0], [0, 0], [0, 0], [0, 0], [0, 0], [0, 0], [0, 0], [0, 0], [0, 0], [0, 0], [0, 0], [0, 0], [0, 0], [0, 0], [0, 0], [0, 0]],dis: [[10000, 10000], [10000, 10000], [10000, 10000], [10000, 10000], [10000, 10000], [10000, 10000], [10000, 10000], [10000, 10000], [10000, 10000], [10000, 10000], [10000, 10000], [10000, 10000], [10000, 10000], [10000, 10000], [10000, 10000], [10000, 10000], [10000, 10000]]
2024-07-21 22:14:06,278 - INFO - FPS_interface: 23.48
2024-07-21 22:14:06,322 - INFO - FPS_cap: 23.61
2024-07-21 22:14:06,322 - INFO - action0 is running
2024-07-21 22:14:06,323 - INFO - action_idx: 0, flag_handedness: 0, fma: [[0, 0], [0, 0], [0, 0], [0, 0], [0, 0], [0, 0], [0, 0], [0, 0], [0, 0], [0, 0], [0, 0], [0, 0], [0, 0], [0, 0], [0, 0], [0, 0], [0, 0]], num_sides_finished: 0, num_side_count: 0, move_start_time: [[0, 0], [0, 0], [0, 0], [0, 0], [0, 0], [0, 0], [0, 0], [0, 0], [0, 0], [0, 0], [0, 0], [0, 0], [0, 0], [0, 0], [0, 0], [0, 0], [0, 0]],dis: [[10000, 10000], [10000, 10000], [10000, 10000], [10000, 10000], [10000, 10000], [10000, 10000], [10000, 10000], [10000, 10000], [10000, 10000], [10000, 10000], [10000, 10000], [10000, 10000], [10000, 10000], [10000, 10000], [10000, 10000], [10000, 10000], [10000, 10000]]
2024-07-21 22:14:06,323 - INFO - FPS_interface: 23.61
2024-07-21 22:14:06,325 - INFO - FPS_show: 23.80
